Build started 12/12/2021 3:24:41 PM.
     1>Project "C:\Users\Santiagor\source\repos\CollegeProject\CollegeProject\CollegeProject.vcxproj" on node 2 (Build target(s)).
     1>Building with tools version "15.0".
       Target "EnableIntermediateOutputPathMismatchWarning" skipped, due to false condition; ('$(RestoreProjectStyle)' == 'PackageReference') was evaluated as ('' == 'PackageReference').
     1>Target "_CheckForInvalidConfigurationAndPlatform" in file "C:\Program Files (x86)\Microsoft Visual Studio\2017\Community\MSBuild\15.0\Bin\Microsoft.Common.CurrentVersion.targets" from project "C:\Users\Santiagor\source\repos\CollegeProject\CollegeProject\CollegeProject.vcxproj" (target "SetTelemetryEnvironmentVariables" depends on it):
       Task "Error" skipped, due to false condition; ( '$(_InvalidConfigurationError)' == 'true' ) was evaluated as ( '' == 'true' ).
       Task "Warning" skipped, due to false condition; ( '$(_InvalidConfigurationWarning)' == 'true' ) was evaluated as ( '' == 'true' ).
       Using "Message" task from assembly "Microsoft.Build.Tasks.Core, Version=15.1.0.0, Culture=neutral, PublicKeyToken=b03f5f7f11d50a3a".
       Task "Message"
         Configuration=Release
       Done executing task "Message".
       Task "Message"
         Platform=Win32
       Done executing task "Message".
       Task "Error" skipped, due to false condition; ('$(OutDir)' != '' and !HasTrailingSlash('$(OutDir)')) was evaluated as ('C:\Users\Santiagor\source\repos\CollegeProject\Release\' != '' and !HasTrailingSlash('C:\Users\Santiagor\source\repos\CollegeProject\Release\')).
       Task "Error" skipped, due to false condition; ('$(BaseIntermediateOutputPath)' != '' and !HasTrailingSlash('$(BaseIntermediateOutputPath)')) was evaluated as ('obj\' != '' and !HasTrailingSlash('obj\')).
       Task "Error" skipped, due to false condition; ('$(IntermediateOutputPath)' != '' and !HasTrailingSlash('$(IntermediateOutputPath)')) was evaluated as ('Release\' != '' and !HasTrailingSlash('Release\')).
       Task "Error" skipped, due to false condition; ( '$(_InitialMSBuildProjectExtensionsPath)' != '' And '$(MSBuildProjectExtensionsPath)' != '$(_InitialMSBuildProjectExtensionsPath)' ) was evaluated as ( 'C:\Users\Santiagor\source\repos\CollegeProject\CollegeProject\obj\' != '' And 'C:\Users\Santiagor\source\repos\CollegeProject\CollegeProject\obj\' != 'C:\Users\Santiagor\source\repos\CollegeProject\CollegeProject\obj\' ).
       Task "Warning" skipped, due to false condition; ( '$(EnableBaseIntermediateOutputPathMismatchWarning)' == 'true' And '$(_InitialBaseIntermediateOutputPath)' != '$(BaseIntermediateOutputPath)' And '$(BaseIntermediateOutputPath)' != '$(MSBuildProjectExtensionsPath)' ) was evaluated as ( '' == 'true' And 'obj\' != 'obj\' And 'obj\' != 'C:\Users\Santiagor\source\repos\CollegeProject\CollegeProject\obj\' ).
     1>Done building target "_CheckForInvalidConfigurationAndPlatform" in project "CollegeProject.vcxproj".
       Target "_CheckForInvalidConfigurationAndPlatform" skipped. Previously built successfully.
     1>Target "SetTelemetryEnvironmentVariables" in file "C:\Program Files (x86)\Microsoft Visual Studio\2017\Community\Common7\IDE\VC\VCTargets\Microsoft.Cpp.DesignTime.targets" from project "C:\Users\Santiagor\source\repos\CollegeProject\CollegeProject\CollegeProject.vcxproj" (target "Build" depends on it):
       Using "SetEnv" task from assembly "C:\Program Files (x86)\Microsoft Visual Studio\2017\Community\Common7\IDE\VC\VCTargets\Microsoft.Build.CppTasks.Common.dll".
       Task "SetEnv"
         VSTEL_SolutionSessionID={E8AC7367-7DC6-46B8-BA0A-C4842B89A583}
       Done executing task "SetEnv".
       Task "SetEnv"
         VSTEL_CurrentSolutionBuildID=63657921
       Done executing task "SetEnv".
       Task "SetEnv"
         VSTEL_ProjectID={E392587D-ED12-4C51-A7D6-14AFF2553479}
       Done executing task "SetEnv".
     1>Done building target "SetTelemetryEnvironmentVariables" in project "CollegeProject.vcxproj".
     1>Target "_PrepareForBuild" in file "C:\Program Files (x86)\Microsoft Visual Studio\2017\Community\Common7\IDE\VC\VCTargets\Microsoft.BuildSteps.Targets" from project "C:\Users\Santiagor\source\repos\CollegeProject\CollegeProject\CollegeProject.vcxproj" (target "Build" depends on it):
       Task "CreateItem" skipped, due to false condition; ('%(CustomBuild.IncludeFileToTool)'!='') was evaluated as (''!='').
     1>Done building target "_PrepareForBuild" in project "CollegeProject.vcxproj".
     1>Target "_PrepareForReferenceResolution" in file "C:\Program Files (x86)\Microsoft Visual Studio\2017\Community\Common7\IDE\VC\VCTargets\Microsoft.CppBuild.targets" from project "C:\Users\Santiagor\source\repos\CollegeProject\CollegeProject\CollegeProject.vcxproj" (target "ResolveReferences" depends on it):
       Task "Message" skipped, due to false condition; ('$(_REFERENCE_DEBUG)'=='true') was evaluated as (''=='true').
     1>Done building target "_PrepareForReferenceResolution" in project "CollegeProject.vcxproj".
       Target "ComputeCrtSDKReference" skipped, due to false condition; ('@(ClCompile)'!='' and '$(WindowsAppContainer)'=='true' and '$(UseCrtSDKReference)' != 'false') was evaluated as ('Source.cpp;Groceries.cpp'!='' and 'false'=='true' and '' != 'false').
     1>Target "BeforeResolveReferences" in file "C:\Program Files (x86)\Microsoft Visual Studio\2017\Community\MSBuild\15.0\Bin\Microsoft.Common.CurrentVersion.targets" from project "C:\Users\Santiagor\source\repos\CollegeProject\CollegeProject\CollegeProject.vcxproj" (target "ResolveReferences" depends on it):
     1>Done building target "BeforeResolveReferences" in project "CollegeProject.vcxproj".
     1>Target "AssignProjectConfiguration" in file "C:\Program Files (x86)\Microsoft Visual Studio\2017\Community\MSBuild\15.0\Bin\Microsoft.Common.CurrentVersion.targets" from project "C:\Users\Santiagor\source\repos\CollegeProject\CollegeProject\CollegeProject.vcxproj" (target "ResolveReferences" depends on it):
       Using "AssignProjectConfiguration" task from assembly "Microsoft.Build.Tasks.Core, Version=15.1.0.0, Culture=neutral, PublicKeyToken=b03f5f7f11d50a3a".
       Task "AssignProjectConfiguration"
       Done executing task "AssignProjectConfiguration".
     1>Done building target "AssignProjectConfiguration" in project "CollegeProject.vcxproj".
       Target "AssignProjectConfiguration" skipped. Previously built successfully.
     1>Target "_SplitProjectReferencesByFileExistence" in file "C:\Program Files (x86)\Microsoft Visual Studio\2017\Community\MSBuild\15.0\Bin\Microsoft.Common.CurrentVersion.targets" from project "C:\Users\Santiagor\source\repos\CollegeProject\CollegeProject\CollegeProject.vcxproj" (target "PrepareProjectReferences" depends on it):
       Task "ResolveNonMSBuildProjectOutput" skipped, due to false condition; ('$(BuildingInsideVisualStudio)'=='true' and '@(ProjectReferenceWithConfiguration)'!='') was evaluated as ('true'=='true' and ''!='').
     1>Done building target "_SplitProjectReferencesByFileExistence" in project "CollegeProject.vcxproj".
     1>Target "_GetProjectReferenceTargetFrameworkProperties" in file "C:\Program Files (x86)\Microsoft Visual Studio\2017\Community\MSBuild\15.0\Bin\Microsoft.Common.CurrentVersion.targets" from project "C:\Users\Santiagor\source\repos\CollegeProject\CollegeProject\CollegeProject.vcxproj" (target "PrepareProjectReferences" depends on it):
       Using "MSBuild" task from assembly "Microsoft.Build.Tasks.Core, Version=15.1.0.0, Culture=neutral, PublicKeyToken=b03f5f7f11d50a3a".
       Task "MSBuild"
       Done executing task "MSBuild".
       Task "GetReferenceNearestTargetFrameworkTask" skipped, due to false condition; ('@(_ProjectReferenceTargetFrameworkPossibilities->Count())' != '0' and '$(ReferringTargetFrameworkForProjectReferences)' != '') was evaluated as ('0' != '0' and '.NETFramework,Version=v4.0' != '').
     1>Done building target "_GetProjectReferenceTargetFrameworkProperties" in project "CollegeProject.vcxproj".
     1>Target "PrepareProjectReferences" in file "C:\Program Files (x86)\Microsoft Visual Studio\2017\Community\MSBuild\15.0\Bin\Microsoft.Common.CurrentVersion.targets" from project "C:\Users\Santiagor\source\repos\CollegeProject\CollegeProject\CollegeProject.vcxproj" (target "ResolveProjectReferences" depends on it):
     1>Done building target "PrepareProjectReferences" in project "CollegeProject.vcxproj".
       Target "_RemoveNameMetadataFromProjectReferenceItems" skipped, due to false condition; ('@(ProjectReference)'!='') was evaluated as (''!='').
     1>Target "ResolveProjectReferences" in file "C:\Program Files (x86)\Microsoft Visual Studio\2017\Community\MSBuild\15.0\Bin\Microsoft.Common.CurrentVersion.targets" from project "C:\Users\Santiagor\source\repos\CollegeProject\CollegeProject\CollegeProject.vcxproj" (target "ResolveReferences" depends on it):
       Task "MSBuild" skipped, due to false condition; ('%(_MSBuildProjectReferenceExistent.BuildReference)' == 'true' and '@(ProjectReferenceWithConfiguration)' != '' and ('$(BuildingInsideVisualStudio)' == 'true' or '$(BuildProjectReferences)' != 'true') and '$(VisualStudioVersion)' != '10.0' and '@(_MSBuildProjectReferenceExistent)' != '') was evaluated as ('' == 'true' and '' != '' and ('true' == 'true' or 'true' != 'true') and '15.0' != '10.0' and '' != '').
       Task "MSBuild" skipped, due to false condition; ('%(_MSBuildProjectReferenceExistent.BuildReference)' == 'true' and '@(ProjectReferenceWithConfiguration)' != '' and ('$(BuildingInsideVisualStudio)' == 'true' or '$(BuildProjectReferences)' != 'true') and '$(VisualStudioVersion)' == '10.0' and '@(_MSBuildProjectReferenceExistent)' != '') was evaluated as ('' == 'true' and '' != '' and ('true' == 'true' or 'true' != 'true') and '15.0' == '10.0' and '' != '').
       Task "MSBuild" skipped, due to false condition; ('%(_MSBuildProjectReferenceExistent.BuildReference)' == 'true' and '@(ProjectReferenceWithConfiguration)' != '' and '$(BuildingInsideVisualStudio)' != 'true' and '$(BuildProjectReferences)' == 'true' and '@(_MSBuildProjectReferenceExistent)' != '') was evaluated as ('' == 'true' and '' != '' and 'true' != 'true' and 'true' == 'true' and '' != '').
       Task "MSBuild" skipped, due to false condition; ('%(_MSBuildProjectReferenceExistent.BuildReference)' == 'true' and '@(ProjectReferenceWithConfiguration)' != '' and '$(BuildingProject)' == 'true' and '@(_MSBuildProjectReferenceExistent)' != '') was evaluated as ('' == 'true' and '' != '' and 'true' == 'true' and '' != '').
       Task "Warning" skipped, due to false condition; ('@(ProjectReferenceWithConfiguration)' != '' and '@(_MSBuildProjectReferenceNonexistent)' != '') was evaluated as ('' != '' and '' != '').
     1>Done building target "ResolveProjectReferences" in project "CollegeProject.vcxproj".
       Target "FindInvalidProjectReferences" skipped, due to false condition; ('$(FindInvalidProjectReferences)' == 'true') was evaluated as ('' == 'true').
       Target "ResolveNativeReferences" skipped, due to false condition; ('@(NativeReference)'!='') was evaluated as (''!='').
       Target "_PrepareForReferenceResolution" skipped. Previously built successfully.
       Target "ResolveProjectReferences" skipped. Previously built successfully.
       Target "FindInvalidProjectReferences" skipped, due to false condition; ('$(FindInvalidProjectReferences)' == 'true') was evaluated as ('' == 'true').
     1>Target "GetFrameworkPaths" in file "C:\Program Files (x86)\Microsoft Visual Studio\2017\Community\MSBuild\15.0\Bin\Microsoft.NETFramework.CurrentVersion.targets" from project "C:\Users\Santiagor\source\repos\CollegeProject\CollegeProject\CollegeProject.vcxproj" (target "ResolveAssemblyReferences" depends on it):
     1>Done building target "GetFrameworkPaths" in project "CollegeProject.vcxproj".
       Target "_PrepareForReferenceResolution" skipped. Previously built successfully.
       Target "GetWinFXPath" skipped, due to false condition; (('@(Page)' != '' or '@(ApplicationDefinition)' != '' or '@(Resource)' != '') and ('$(GetWinFXNativePath)' != '' or '$(GetWinFXWoWPath)' != '' )) was evaluated as (('' != '' or '' != '' or '' != '') and ('' != '' or '' != '' )).
       Target "GetFrameworkPaths" skipped. Previously built successfully.
     1>Target "GetReferenceAssemblyPaths" in file "C:\Program Files (x86)\Microsoft Visual Studio\2017\Community\MSBuild\15.0\Bin\Microsoft.Common.CurrentVersion.targets" from project "C:\Users\Santiagor\source\repos\CollegeProject\CollegeProject\CollegeProject.vcxproj" (target "ResolveAssemblyReferences" depends on it):
       Task "GetReferenceAssemblyPaths" skipped, due to false condition; ('$(TargetFrameworkMoniker)' != '' and ('$(_TargetFrameworkDirectories)' == '' or '$(_FullFrameworkReferenceAssemblyPaths)' == '')) was evaluated as ('' != '' and ('C:\Program Files (x86)\Reference Assemblies\Microsoft\Framework\.NETFramework\v4.0' == '' or 'C:\Program Files (x86)\Reference Assemblies\Microsoft\Framework\.NETFramework\v4.0' == '')).
     1>Done building target "GetReferenceAssemblyPaths" in project "CollegeProject.vcxproj".
     1>Target "SetBuildDefaultEnvironmentVariables" in file "C:\Program Files (x86)\Microsoft Visual Studio\2017\Community\Common7\IDE\VC\VCTargets\Microsoft.Cpp.Current.targets" from project "C:\Users\Santiagor\source\repos\CollegeProject\CollegeProject\CollegeProject.vcxproj" (target "PrepareForBuild" depends on it):
       Task "SetEnv"
         PATH=C:\Program Files (x86)\Microsoft Visual Studio\2017\Community\VC\Tools\MSVC\14.16.27023\bin\HostX86\x86;C:\Program Files (x86)\Windows Kits\10\bin\10.0.17763.0\x86;;C:\Program Files (x86)\Microsoft SDKs\Windows\v10.0A\bin\NETFX 4.6.1 Tools;C:\Program Files (x86)\Microsoft Visual Studio\2017\Community\Common7\tools;C:\Program Files (x86)\Microsoft Visual Studio\2017\Community\Common7\ide;C:\Program Files (x86)\HTML Help Workshop;;C:\Program Files (x86)\Microsoft Visual Studio\2017\Community\MSBuild\15.0\Bin;C:\WINDOWS\Microsoft.NET\Framework\v4.0.30319\;C:\WINDOWS\SysWow64;;C:\Users\Santiagor\AppData\Local\Programs\Python\Python38\Scripts;C:\Program Files\NVIDIA Corporation\NVIDIA NvDLISR;C:\Program Files\MATLAB\R2021a\bin;C:\Program Files (x86)\NVIDIA Corporation\PhysX\Common;C:\Users\Santiagor\AppData\Local\Programs\Python\Python38;
       Done executing task "SetEnv".
       Task "SetEnv"
         LIB=C:\Users\Santiagor\AppData\Local\Programs\Python\Python310-32\libs;C:\Program Files (x86)\Microsoft Visual Studio\2017\Community\VC\Tools\MSVC\14.16.27023\lib\x86;;C:\Program Files (x86)\Microsoft Visual Studio\2017\Community\VC\Tools\MSVC\14.16.27023\atlmfc\lib\x86;;C:\Program Files (x86)\Microsoft Visual Studio\2017\Community\VC\Auxiliary\VS\lib\x86;;C:\Program Files (x86)\Windows Kits\10\lib\10.0.17763.0\ucrt\x86;;;C:\Program Files (x86)\Windows Kits\10\lib\10.0.17763.0\um\x86;C:\Program Files (x86)\Windows Kits\NETFXSDK\4.6.1\lib\um\x86;;C:\Program Files (x86)\Windows Kits\NETFXSDK\4.6.1\Lib\um\x86
       Done executing task "SetEnv".
       Task "SetEnv"
         LIBPATH=C:\Program Files (x86)\Microsoft Visual Studio\2017\Community\VC\Tools\MSVC\14.16.27023\atlmfc\lib\x86;;C:\Program Files (x86)\Microsoft Visual Studio\2017\Community\VC\Tools\MSVC\14.16.27023\lib\x86;
       Done executing task "SetEnv".
       Task "SetEnv"
         INCLUDE=C:\Users\Santiagor\AppData\Local\Programs\Python\Python310-32\include;C:\Program Files (x86)\Microsoft Visual Studio\2017\Community\VC\Tools\MSVC\14.16.27023\include;;C:\Program Files (x86)\Microsoft Visual Studio\2017\Community\VC\Tools\MSVC\14.16.27023\atlmfc\include;;C:\Program Files (x86)\Microsoft Visual Studio\2017\Community\VC\Auxiliary\VS\include;;C:\Program Files (x86)\Windows Kits\10\Include\10.0.17763.0\ucrt;;;C:\Program Files (x86)\Windows Kits\10\Include\10.0.17763.0\um;C:\Program Files (x86)\Windows Kits\10\Include\10.0.17763.0\shared;C:\Program Files (x86)\Windows Kits\10\Include\10.0.17763.0\winrt;C:\Program Files (x86)\Windows Kits\10\Include\10.0.17763.0\cppwinrt;C:\Program Files (x86)\Windows Kits\NETFXSDK\4.6.1\Include\um;C:\Program Files (x86)\Windows Kits\NETFXSDK\4.6.1\Include\um;
       Done executing task "SetEnv".
     1>Done building target "SetBuildDefaultEnvironmentVariables" in project "CollegeProject.vcxproj".
       Target "SetUserMacroEnvironmentVariables" skipped, due to false condition; ('@(BuildMacro)' != '' and '$(DesignTimeBuild)' != 'true') was evaluated as ('' != '' and '' != 'true').
       Target "_PrepareForReferenceResolution" skipped. Previously built successfully.
     1>Target "GetResolvedWinMD" in file "C:\Program Files (x86)\Microsoft Visual Studio\2017\Community\Common7\IDE\VC\VCTargets\Microsoft.CppBuild.targets" from project "C:\Users\Santiagor\source\repos\CollegeProject\CollegeProject\CollegeProject.vcxproj" (target "PrepareForBuild" depends on it):
     1>Done building target "GetResolvedWinMD" in project "CollegeProject.vcxproj".
     1>Target "PlatformPrepareForBuild" in file "C:\Program Files (x86)\Microsoft Visual Studio\2017\Community\Common7\IDE\VC\VCTargets\Microsoft.Cpp.Platform.targets" from project "C:\Users\Santiagor\source\repos\CollegeProject\CollegeProject\CollegeProject.vcxproj" (target "PrepareForBuild" depends on it):
       Task "VCMessage" skipped, due to false condition; ('$(_Error64bitToolsNotInstalled)' == 'true') was evaluated as ('' == 'true').
       Task "VCMessage" skipped, due to false condition; ('$(DesignTimeBuild)'!='true' and '$(_ToolsetFound)' != 'true' and '$(PlatformToolset)' == '') was evaluated as (''!='true' and 'true' != 'true' and 'v141' == '').
       Task "VCMessage" skipped, due to false condition; ('$(DesignTimeBuild)'!='true' and '$(_ToolsetFound)' != 'true' and '$(PlatformToolset)' == 'v110') was evaluated as (''!='true' and 'true' != 'true' and 'v141' == 'v110').
       Task "VCMessage" skipped, due to false condition; ('$(DesignTimeBuild)'!='true' and '$(_ToolsetFound)' != 'true' and '$(PlatformToolset)' == 'v100') was evaluated as (''!='true' and 'true' != 'true' and 'v141' == 'v100').
       Task "VCMessage" skipped, due to false condition; ('$(DesignTimeBuild)'!='true' and '$(_ToolsetFound)' != 'true' and '$(PlatformToolset)' == 'v90') was evaluated as (''!='true' and 'true' != 'true' and 'v141' == 'v90').
       Task "VCMessage" skipped, due to false condition; ('$(DesignTimeBuild)'!='true' and '$(_ToolsetFound)' != 'true' and '$(PlatformToolset)' != 'v90' and '$(PlatformToolset)' != 'v100' and '$(PlatformToolset)' != 'v110') was evaluated as (''!='true' and 'true' != 'true' and 'v141' != 'v90' and 'v141' != 'v100' and 'v141' != 'v110').
     1>Done building target "PlatformPrepareForBuild" in project "CollegeProject.vcxproj".
     1>Target "_CheckWindowsSDKInstalled" in file "C:\Program Files (x86)\Microsoft Visual Studio\2017\Community\Common7\IDE\VC\VCTargets\Microsoft.Cpp.WindowsSDK.targets" from project "C:\Users\Santiagor\source\repos\CollegeProject\CollegeProject\CollegeProject.vcxproj" (target "PrepareForBuild" depends on it):
       Task "VCMessage" skipped, due to false condition; ('$(WindowsSDKInstalled)' != 'true') was evaluated as ('true' != 'true').
       Task "VCMessage" skipped, due to false condition; ('$(WindowsAppContainer)' != 'true' and '$(WindowsSDK_Desktop_Support)' != true) was evaluated as ('false' != 'true' and 'true' != true).
     1>Done building target "_CheckWindowsSDKInstalled" in project "CollegeProject.vcxproj".
       Target "GetFrameworkPaths" skipped. Previously built successfully.
       Target "GetReferenceAssemblyPaths" skipped. Previously built successfully.
       Target "AssignLinkMetadata" skipped, due to false condition; ( '$(SynthesizeLinkMetadata)' == 'true' ) was evaluated as ( '' == 'true' ).
     1>Target "SetCABuildNativeEnvironmentVariables" in file "C:\Program Files (x86)\Microsoft Visual Studio\2017\Community\MSBuild\Microsoft\VisualStudio\v15.0\CodeAnalysis\Microsoft.CodeAnalysis.targets" from project "C:\Users\Santiagor\source\repos\CollegeProject\CollegeProject\CollegeProject.vcxproj" (target "PrepareForBuild" depends on it):
       Task "SetEnv"
         CAExcludePath=C:\Program Files (x86)\Microsoft Visual Studio\2017\Community\VC\Tools\MSVC\14.16.27023\atlmfc\include;C:\Program Files (x86)\Microsoft Visual Studio\2017\Community\VC\Tools\MSVC\14.16.27023\include;C:\Program Files (x86)\Windows Kits\10\Include\10.0.17763.0\ucrt;;C:\Program Files (x86)\Windows Kits\10\Include\10.0.17763.0\um;C:\Program Files (x86)\Windows Kits\10\Include\10.0.17763.0\shared;C:\Program Files (x86)\Windows Kits\10\Include\10.0.17763.0\winrt;C:\Program Files (x86)\Windows Kits\10\Include\10.0.17763.0\cppwinrt;C:\Program Files (x86)\Windows Kits\NETFXSDK\4.6.1\Include\um;C:\Program Files (x86)\Windows Kits\NETFXSDK\4.6.1\Include\um;
       Done executing task "SetEnv".
     1>Done building target "SetCABuildNativeEnvironmentVariables" in project "CollegeProject.vcxproj".
     1>Target "PrepareForBuild" in file "C:\Program Files (x86)\Microsoft Visual Studio\2017\Community\Common7\IDE\VC\VCTargets\Microsoft.CppBuild.targets" from project "C:\Users\Santiagor\source\repos\CollegeProject\CollegeProject\CollegeProject.vcxproj" (target "ResolveAssemblyReferences" depends on it):
       Task "VCMessage" skipped, due to false condition; ('$(DesignTimeBuild)' != 'true' and '$(ConfigurationPlatformExists)' != 'true') was evaluated as ('' != 'true' and 'true' != 'true').
       Using "MakeDir" task from assembly "Microsoft.Build.Tasks.Core, Version=15.1.0.0, Culture=neutral, PublicKeyToken=b03f5f7f11d50a3a".
       Task "MakeDir"
       Done executing task "MakeDir".
       Task "VCMessage" skipped, due to false condition; ('$(DesignTimeBuild)'!='true' and '$(WindowsAppContainer)'=='true' and '$(ConfigurationType)'!='Application' and '$(ConfigurationType)'!='DynamicLibrary' and '$(ConfigurationType)'!='StaticLibrary') was evaluated as (''!='true' and 'false'=='true' and 'Application'!='Application' and 'Application'!='DynamicLibrary' and 'Application'!='StaticLibrary').
       Task "VCMessage" skipped, due to false condition; ('$(DesignTimeBuild)'!='true' and '$(VCToolsInstallDir)'=='' and '$(UseEnv)' != 'true' and ('$(TargetFrameworkVersion)'=='v3.5' or '$(TargetFrameworkVersion)'=='v3.0' or '$(TargetFrameworkVersion)'=='v2.0' )) was evaluated as (''!='true' and 'C:\Program Files (x86)\Microsoft Visual Studio\2017\Community\VC\Tools\MSVC\14.16.27023\'=='' and '' != 'true' and ('v4.0'=='v3.5' or 'v4.0'=='v3.0' or 'v4.0'=='v2.0' )).
       Task "VCMessage" skipped, due to false condition; ('$(DesignTimeBuild)'!='true' and '$(VCToolsInstallDir)'=='' and '$(UseEnv)' != 'true' and '$(PlatformToolset)'=='v90') was evaluated as (''!='true' and 'C:\Program Files (x86)\Microsoft Visual Studio\2017\Community\VC\Tools\MSVC\14.16.27023\'=='' and '' != 'true' and 'v141'=='v90').
       Task "VCMessage" skipped, due to false condition; ('$(DesignTimeBuild)'!='true' and '$(VCToolsInstallDir)'=='' and '$(UseEnv)' != 'true') was evaluated as (''!='true' and 'C:\Program Files (x86)\Microsoft Visual Studio\2017\Community\VC\Tools\MSVC\14.16.27023\'=='' and '' != 'true').
       Task "VCMessage" skipped, due to false condition; ('$(DesignTimeBuild)'!='true' and '$(WindowsSDKDir)'=='' and '$(UseEnv)' != 'true') was evaluated as (''!='true' and 'C:\Program Files (x86)\Windows Kits\10\'=='' and '' != 'true').
       Task "VCMessage" skipped, due to false condition; ('$(DesignTimeBuild)'!='true' and '$(IntDirTrailingSlashWarning)'=='true') was evaluated as (''!='true' and ''=='true').
       Task "VCMessage" skipped, due to false condition; ('$(DesignTimeBuild)'!='true' and '$(OutDirTrailingSlashWarning)'=='true') was evaluated as (''!='true' and ''=='true').
       Task "VCMessage" skipped, due to false condition; ('%(CompatibilityIssues.Identity)' != '' and '$(DesignTimeBuild)'!='true') was evaluated as ('' != '' and ''!='true').
       Using "VCMessage" task from assembly "C:\Program Files (x86)\Microsoft Visual Studio\2017\Community\Common7\IDE\VC\VCTargets\Microsoft.Build.CppTasks.Common.dll".
       Task "VCMessage"
     1>C:\Program Files (x86)\Microsoft Visual Studio\2017\Community\Common7\IDE\VC\VCTargets\Microsoft.CppBuild.targets(391,5): warning MSB8028: The intermediate directory (Release\) contains files shared from another project (CollegeProject.vcxproj).  This can lead to incorrect clean and rebuild behavior.
       Done executing task "VCMessage".
       Task "VCMessage" skipped, due to false condition; ('$(DesignTimeBuild)'!='true' and '$(IgnoreWarnIntDirInTempDetected)' != 'true' and ('$(_IntDirFullpath.StartsWith($(Tmp), true, null))' == 'true' or '$(_IntDirFullpath.StartsWith($(Temp), true, null))' == 'true' or '$(_OutDirFullpath.StartsWith($(Tmp), true, null))' == 'true' or '$(_OutDirFullpath.StartsWith($(Temp), true, null))' == 'true')) was evaluated as (''!='true' and '' != 'true' and ('False' == 'true' or 'False' == 'true' or 'False' == 'true' or 'False' == 'true')).
       Task "VCMessage" skipped, due to false condition; ('$(DesignTimeBuild)' != 'true' and '$(SpectreMitigation)' != '' and '$(SpectreMitigation)' != 'false' and (('$(_VC_Target_Library_Platform)' == 'OneCore' and !Exists('$(VC_LibraryPath_VC_x86_OneCore)')) or ('$(_VC_Target_Library_Platform)' == 'Desktop' and !Exists('$(VC_LibraryPath_VC_x86_Desktop)')))) was evaluated as ('' != 'true' and 'false' != '' and 'false' != 'false' and (('Desktop' == 'OneCore' and !Exists('C:\Program Files (x86)\Microsoft Visual Studio\2017\Community\VC\Tools\MSVC\14.16.27023\lib\onecore\x86')) or ('Desktop' == 'Desktop' and !Exists('C:\Program Files (x86)\Microsoft Visual Studio\2017\Community\VC\Tools\MSVC\14.16.27023\lib\x86')))).
       Task "MakeDir"
       Done executing task "MakeDir".
     1>Done building target "PrepareForBuild" in project "CollegeProject.vcxproj".
       Target "_PrepareForReferenceResolution" skipped. Previously built successfully.
       Target "ComputeCrtSDKReference" skipped, due to false condition; ('@(ClCompile)'!='' and '$(WindowsAppContainer)'=='true' and '$(UseCrtSDKReference)' != 'false') was evaluated as ('Source.cpp;Groceries.cpp'!='' and 'false'=='true' and '' != 'false').
       Target "GetInstalledSDKLocations" skipped, due to false condition; ('@(SDKReference)' != '') was evaluated as ('' != '').
     1>Target "ResolveSDKReferences" in file "C:\Program Files (x86)\Microsoft Visual Studio\2017\Community\MSBuild\15.0\Bin\Microsoft.Common.CurrentVersion.targets" from project "C:\Users\Santiagor\source\repos\CollegeProject\CollegeProject\CollegeProject.vcxproj" (target "ResolveAssemblyReferences" depends on it):
       Task "ResolveSDKReference" skipped, due to false condition; ('@(SDKReference)'!='') was evaluated as (''!='').
     1>Done building target "ResolveSDKReferences" in project "CollegeProject.vcxproj".
       Target "ResolveSDKReferences" skipped. Previously built successfully.
     1>Target "ExpandSDKReferences" in file "C:\Program Files (x86)\Microsoft Visual Studio\2017\Community\MSBuild\15.0\Bin\Microsoft.Common.CurrentVersion.targets" from project "C:\Users\Santiagor\source\repos\CollegeProject\CollegeProject\CollegeProject.vcxproj" (target "ResolveAssemblyReferences" depends on it):
       Task "GetSDKReferenceFiles" skipped, due to false condition; ('@(ResolvedSDKReference)'!='') was evaluated as (''!='').
     1>Done building target "ExpandSDKReferences" in project "CollegeProject.vcxproj".
       Target "ResolveNuGetPackageAssets" skipped, due to false condition; ('$(ResolveNuGetPackages)' == 'true' and exists('$(ProjectLockFile)')) was evaluated as ('true' == 'true' and exists('obj\project.assets.json')).
     1>Target "ResolveAssemblyReferences" in file "C:\Program Files (x86)\Microsoft Visual Studio\2017\Community\MSBuild\15.0\Bin\Microsoft.Common.CurrentVersion.targets" from project "C:\Users\Santiagor\source\repos\CollegeProject\CollegeProject\CollegeProject.vcxproj" (target "ResolveReferences" depends on it):
       Task "ResolveAssemblyReference" skipped, due to false condition; ('@(Reference)'!='' or '@(_ResolvedProjectReferencePaths)'!='' or '@(_ExplicitReference)' != '') was evaluated as (''!='' or ''!='' or '' != '').
     1>Done building target "ResolveAssemblyReferences" in project "CollegeProject.vcxproj".
       Target "GenerateBindingRedirects" skipped, due to false condition; ('$(AutoGenerateBindingRedirects)' == 'true' and '$(GenerateBindingRedirectsOutputType)' == 'true') was evaluated as ('' == 'true' and 'true' == 'true').
       Target "GenerateBindingRedirectsUpdateAppConfig" skipped, due to false condition; ('$(AutoGenerateBindingRedirects)' == 'true' and '$(GenerateBindingRedirectsOutputType)' == 'true' and Exists('$(_GenerateBindingRedirectsIntermediateAppConfig)')) was evaluated as ('' == 'true' and 'true' == 'true' and Exists('Release\CollegeProject3.exe.config')).
       Target "ResolveComReferences" skipped, due to false condition; ('@(COMReference)'!='' or '@(COMFileReference)'!='') was evaluated as (''!='' or ''!='').
     1>Target "AfterResolveReferences" in file "C:\Program Files (x86)\Microsoft Visual Studio\2017\Community\MSBuild\15.0\Bin\Microsoft.Common.CurrentVersion.targets" from project "C:\Users\Santiagor\source\repos\CollegeProject\CollegeProject\CollegeProject.vcxproj" (target "ResolveReferences" depends on it):
     1>Done building target "AfterResolveReferences" in project "CollegeProject.vcxproj".
       Target "ImplicitlyExpandDesignTimeFacades" skipped, due to false condition; ('$(ImplicitlyExpandDesignTimeFacades)' == 'true') was evaluated as ('' == 'true').
       Target "ResolveTestReferences" skipped, due to false condition; ('@(Shadow)'!='') was evaluated as (''!='').
     1>Target "ResolveReferences" in file "C:\Program Files (x86)\Microsoft Visual Studio\2017\Community\MSBuild\15.0\Bin\Microsoft.Common.CurrentVersion.targets" from project "C:\Users\Santiagor\source\repos\CollegeProject\CollegeProject\CollegeProject.vcxproj" (target "Build" depends on it):
     1>Done building target "ResolveReferences" in project "CollegeProject.vcxproj".
       Target "PrepareForBuild" skipped. Previously built successfully.
       Target "PrepareForBuild" skipped. Previously built successfully.
     1>Target "InitializeBuildStatus" in file "C:\Program Files (x86)\Microsoft Visual Studio\2017\Community\Common7\IDE\VC\VCTargets\Microsoft.CppBuild.targets" from project "C:\Users\Santiagor\source\repos\CollegeProject\CollegeProject\CollegeProject.vcxproj" (target "Build" depends on it):
       Using "ReadLinesFromFile" task from assembly "Microsoft.Build.Tasks.Core, Version=15.1.0.0, Culture=neutral, PublicKeyToken=b03f5f7f11d50a3a".
       Task "ReadLinesFromFile"
       Done executing task "ReadLinesFromFile".
       Using "WriteLinesToFile" task from assembly "Microsoft.Build.Tasks.Core, Version=15.1.0.0, Culture=neutral, PublicKeyToken=b03f5f7f11d50a3a".
       Task "WriteLinesToFile"
       Done executing task "WriteLinesToFile".
       Using "Touch" task from assembly "Microsoft.Build.Tasks.Core, Version=15.1.0.0, Culture=neutral, PublicKeyToken=b03f5f7f11d50a3a".
       Task "Touch"
         Creating "Release\CollegeProject3.tlog\unsuccessfulbuild" because "AlwaysCreate" was specified.
       Done executing task "Touch".
     1>Done building target "InitializeBuildStatus" in project "CollegeProject.vcxproj".
       Target "PrepareProjectReferences" skipped. Previously built successfully.
     1>Target "BuildGenerateSourcesTraverse" in file "C:\Program Files (x86)\Microsoft Visual Studio\2017\Community\MSBuild\15.0\Bin\Microsoft.Common.CurrentVersion.targets" from project "C:\Users\Santiagor\source\repos\CollegeProject\CollegeProject\CollegeProject.vcxproj" (target "BuildGenerateSources" depends on it):
       Task "MSBuild" skipped, due to false condition; ('$(BuildPassReferences)' == 'true' and '@(ProjectReferenceWithConfiguration)' != '' and '@(_MSBuildProjectReferenceExistent)' != '' and '%(_MSBuildProjectReferenceExistent.BuildReference)' == 'true') was evaluated as ('' == 'true' and '' != '' and '' != '' and '' == 'true').
     1>Done building target "BuildGenerateSourcesTraverse" in project "CollegeProject.vcxproj".
       Target "PrepareForBuild" skipped. Previously built successfully.
       Target "ResolveReferences" skipped. Previously built successfully.
     1>Target "BeforeBuildGenerateSources" in file "C:\Program Files (x86)\Microsoft Visual Studio\2017\Community\Common7\IDE\VC\VCTargets\Microsoft.BuildSteps.Targets" from project "C:\Users\Santiagor\source\repos\CollegeProject\CollegeProject\CollegeProject.vcxproj" (target "_BuildGenerateSourcesAction" depends on it):
     1>Done building target "BeforeBuildGenerateSources" in project "CollegeProject.vcxproj".
     1>Target "PreBuildEvent" in file "C:\Program Files (x86)\Microsoft Visual Studio\2017\Community\Common7\IDE\VC\VCTargets\Microsoft.CppCommon.targets" from project "C:\Users\Santiagor\source\repos\CollegeProject\CollegeProject\CollegeProject.vcxproj" (target "_BuildGenerateSourcesAction" depends on it):
       Task "Message" skipped, due to false condition; ('%(PreBuildEvent.Message)' != '' and '%(PreBuildEvent.Command)' != '') was evaluated as ('' != '' and '' != '').
       Task "Exec" skipped, due to false condition; ('%(PreBuildEvent.Command)' != '') was evaluated as ('' != '').
     1>Done building target "PreBuildEvent" in project "CollegeProject.vcxproj".
       Target "CustomBuild" skipped, due to false condition; ('@(CustomBuild)' != '') was evaluated as ('' != '').
       Target "FxExport" skipped, due to false condition; ('@(FxCompile)' != '') was evaluated as ('' != '').
       Target "FxCompile" skipped, due to false condition; ('@(FxCompile)' != '') was evaluated as ('' != '').
       Target "_CreateCopyFileItems" skipped, due to false condition; ('@(CopyFileToFolders)' != '') was evaluated as ('' != '').
       Target "PrepareForBuild" skipped. Previously built successfully.
       Target "InitializeBuildStatus" skipped. Previously built successfully.
       Target "SetBuildDefaultEnvironmentVariables" skipped. Previously built successfully.
       Target "SetUserMacroEnvironmentVariables" skipped, due to false condition; ('@(BuildMacro)' != '' and '$(DesignTimeBuild)' != 'true') was evaluated as ('' != '' and '' != 'true').
     1>Target "_SelectedFiles" in file "C:\Program Files (x86)\Microsoft Visual Studio\2017\Community\Common7\IDE\VC\VCTargets\Microsoft.CppBuild.targets" from project "C:\Users\Santiagor\source\repos\CollegeProject\CollegeProject\CollegeProject.vcxproj" (target "CopyFileToFolders" depends on it):
     1>Done building target "_SelectedFiles" in project "CollegeProject.vcxproj".
     1>Target "CopyFileToFolders" in file "C:\Program Files (x86)\Microsoft Visual Studio\2017\Community\Common7\IDE\VC\VCTargets\Microsoft.CppCommon.targets" from project "C:\Users\Santiagor\source\repos\CollegeProject\CollegeProject\CollegeProject.vcxproj" (target "_BuildGenerateSourcesAction" depends on it):
       Using "GetOutOfDateItems" task from assembly "C:\Program Files (x86)\Microsoft Visual Studio\2017\Community\Common7\IDE\VC\VCTargets\Microsoft.Build.CppTasks.Common.dll".
       Task "GetOutOfDateItems"
       Done executing task "GetOutOfDateItems".
       Task "Copy" skipped, due to false condition; ('@(_OutOfDateCopyFile)' != '') was evaluated as ('' != '').
     1>Done building target "CopyFileToFolders" in project "CollegeProject.vcxproj".
       Target "Xsd" skipped, due to false condition; ('@(Xsd)' != '') was evaluated as ('' != '').
     1>Target "_Xsd" in file "C:\Program Files (x86)\Microsoft Visual Studio\2017\Community\Common7\IDE\VC\VCTargets\Microsoft.CppBuild.targets" from project "C:\Users\Santiagor\source\repos\CollegeProject\CollegeProject\CollegeProject.vcxproj" (target "_BuildGenerateSourcesAction" depends on it):
     1>Done building target "_Xsd" in project "CollegeProject.vcxproj".
     1>Target "MakeDirsForMidl" in file "C:\Program Files (x86)\Microsoft Visual Studio\2017\Community\Common7\IDE\VC\VCTargets\Microsoft.CppBuild.targets" from project "C:\Users\Santiagor\source\repos\CollegeProject\CollegeProject\CollegeProject.vcxproj" (target "_Midl" depends on it):
       Task "Makedir"
       Done executing task "Makedir".
     1>Done building target "MakeDirsForMidl" in project "CollegeProject.vcxproj".
       Target "Midl" skipped, due to false condition; ('@(Midl)' != '') was evaluated as ('' != '').
       Target "CustomBuild" skipped, due to false condition; ('@(CustomBuild)' != '') was evaluated as ('' != '').
       Target "FxExport" skipped, due to false condition; ('@(FxCompile)' != '') was evaluated as ('' != '').
       Target "FxCompile" skipped, due to false condition; ('@(FxCompile)' != '') was evaluated as ('' != '').
     1>Target "ComputeMIDLGeneratedCompileInputs" in file "C:\Program Files (x86)\Microsoft Visual Studio\2017\Community\Common7\IDE\VC\VCTargets\Microsoft.CppBuild.targets" from project "C:\Users\Santiagor\source\repos\CollegeProject\CollegeProject\CollegeProject.vcxproj" (target "_Midl" depends on it):
     1>Done building target "ComputeMIDLGeneratedCompileInputs" in project "CollegeProject.vcxproj".
     1>Target "AfterMidl" in file "C:\Program Files (x86)\Microsoft Visual Studio\2017\Community\Common7\IDE\VC\VCTargets\Microsoft.CppBuild.targets" from project "C:\Users\Santiagor\source\repos\CollegeProject\CollegeProject\CollegeProject.vcxproj" (target "_Midl" depends on it):
     1>Done building target "AfterMidl" in project "CollegeProject.vcxproj".
     1>Target "_Midl" in file "C:\Program Files (x86)\Microsoft Visual Studio\2017\Community\Common7\IDE\VC\VCTargets\Microsoft.CppBuild.targets" from project "C:\Users\Santiagor\source\repos\CollegeProject\CollegeProject\CollegeProject.vcxproj" (target "_BuildGenerateSourcesAction" depends on it):
     1>Done building target "_Midl" in project "CollegeProject.vcxproj".
     1>Target "AfterBuildGenerateSources" in file "C:\Program Files (x86)\Microsoft Visual Studio\2017\Community\Common7\IDE\VC\VCTargets\Microsoft.BuildSteps.Targets" from project "C:\Users\Santiagor\source\repos\CollegeProject\CollegeProject\CollegeProject.vcxproj" (target "_BuildGenerateSourcesAction" depends on it):
     1>Done building target "AfterBuildGenerateSources" in project "CollegeProject.vcxproj".
     1>Target "AfterBuildGenerateSourcesEvent" in file "C:\Program Files (x86)\Microsoft Visual Studio\2017\Community\Common7\IDE\VC\VCTargets\Microsoft.CppBuild.targets" from project "C:\Users\Santiagor\source\repos\CollegeProject\CollegeProject\CollegeProject.vcxproj" (target "_BuildGenerateSourcesAction" depends on it):
     1>Done building target "AfterBuildGenerateSourcesEvent" in project "CollegeProject.vcxproj".
     1>Target "_BuildGenerateSourcesAction" in file "C:\Program Files (x86)\Microsoft Visual Studio\2017\Community\Common7\IDE\VC\VCTargets\Microsoft.CppBuild.targets" from project "C:\Users\Santiagor\source\repos\CollegeProject\CollegeProject\CollegeProject.vcxproj" (target "BuildGenerateSources" depends on it):
     1>Done building target "_BuildGenerateSourcesAction" in project "CollegeProject.vcxproj".
     1>Target "BuildGenerateSources" in file "C:\Program Files (x86)\Microsoft Visual Studio\2017\Community\MSBuild\15.0\Bin\Microsoft.Common.CurrentVersion.targets" from project "C:\Users\Santiagor\source\repos\CollegeProject\CollegeProject\CollegeProject.vcxproj" (target "Build" depends on it):
     1>Done building target "BuildGenerateSources" in project "CollegeProject.vcxproj".
       Target "PrepareProjectReferences" skipped. Previously built successfully.
     1>Target "BuildCompileTraverse" in file "C:\Program Files (x86)\Microsoft Visual Studio\2017\Community\MSBuild\15.0\Bin\Microsoft.Common.CurrentVersion.targets" from project "C:\Users\Santiagor\source\repos\CollegeProject\CollegeProject\CollegeProject.vcxproj" (target "BuildCompile" depends on it):
       Task "MSBuild" skipped, due to false condition; ('$(BuildPassReferences)' == 'true' and '@(ProjectReferenceWithConfiguration)' != '' and '@(_MSBuildProjectReferenceExistent)' != ''  and '%(_MSBuildProjectReferenceExistent.BuildReference)' == 'true') was evaluated as ('' == 'true' and '' != '' and '' != ''  and '' == 'true').
     1>Done building target "BuildCompileTraverse" in project "CollegeProject.vcxproj".
       Target "PrepareForBuild" skipped. Previously built successfully.
       Target "ResolveReferences" skipped. Previously built successfully.
     1>Target "BeforeClCompile" in file "C:\Program Files (x86)\Microsoft Visual Studio\2017\Community\Common7\IDE\VC\VCTargets\Microsoft.CppBuild.targets" from project "C:\Users\Santiagor\source\repos\CollegeProject\CollegeProject\CollegeProject.vcxproj" (target "_ClCompile" depends on it):
     1>Done building target "BeforeClCompile" in project "CollegeProject.vcxproj".
       Target "ComputeMIDLGeneratedCompileInputs" skipped. Previously built successfully.
     1>Target "ComputeCLInputPDBName" in file "C:\Program Files (x86)\Microsoft Visual Studio\2017\Community\Common7\IDE\VC\VCTargets\Microsoft.CppBuild.targets" from project "C:\Users\Santiagor\source\repos\CollegeProject\CollegeProject\CollegeProject.vcxproj" (target "_ClCompile" depends on it):
     1>Done building target "ComputeCLInputPDBName" in project "CollegeProject.vcxproj".
       Target "ResolveReferences" skipped. Previously built successfully.
     1>Target "ComputeReferenceCLInput" in file "C:\Program Files (x86)\Microsoft Visual Studio\2017\Community\Common7\IDE\VC\VCTargets\Microsoft.CppBuild.targets" from project "C:\Users\Santiagor\source\repos\CollegeProject\CollegeProject\CollegeProject.vcxproj" (target "_ClCompile" depends on it):
       Task "WriteLinesToFile" skipped, due to false condition; (('@(_ReferenceCopyLocalPaths)'!='') and '$(DesignTimeBuild)' != 'true') was evaluated as ((''!='') and '' != 'true').
       Task "Message" skipped, due to false condition; ('$(_REFERENCE_DEBUG)'=='true') was evaluated as (''=='true').
     1>Done building target "ComputeReferenceCLInput" in project "CollegeProject.vcxproj".
     1>Target "WarnCompileDuplicatedFilename" in file "C:\Program Files (x86)\Microsoft Visual Studio\2017\Community\Common7\IDE\VC\VCTargets\Microsoft.CppBuild.targets" from project "C:\Users\Santiagor\source\repos\CollegeProject\CollegeProject\CollegeProject.vcxproj" (target "_ClCompile" depends on it):
       Task "VCMessage" skipped, due to false condition; ('%(ClCompile.ExcludedFromBuild)' != 'true' and '%(Filename)%(Extension)' != '@(ClCompile->'%(Filename)%(Extension)')' and '%(ObjectFileName)' == '@(ClCompile->Metadata(ObjectFileName)->Distinct())') was evaluated as ('' != 'true' and 'Source.cpp' != 'Source.cpp' and 'Release\' == 'Release\').
       Task "VCMessage" skipped, due to false condition; ('%(ClCompile.ExcludedFromBuild)' != 'true' and '%(Filename)%(Extension)' != '@(ClCompile->'%(Filename)%(Extension)')' and '%(ObjectFileName)' == '@(ClCompile->Metadata(ObjectFileName)->Distinct())') was evaluated as ('' != 'true' and 'Groceries.cpp' != 'Groceries.cpp' and 'Release\' == 'Release\').
     1>Done building target "WarnCompileDuplicatedFilename" in project "CollegeProject.vcxproj".
     1>Target "FixupCLCompileOptions" in file "C:\Program Files (x86)\Microsoft Visual Studio\2017\Community\Common7\IDE\VC\VCTargets\Microsoft.CppCommon.targets" from project "C:\Users\Santiagor\source\repos\CollegeProject\CollegeProject\CollegeProject.vcxproj" (target "_ClCompile" depends on it):
     1>Done building target "FixupCLCompileOptions" in project "CollegeProject.vcxproj".
     1>Target "MakeDirsForCl" in file "C:\Program Files (x86)\Microsoft Visual Studio\2017\Community\Common7\IDE\VC\VCTargets\Microsoft.CppBuild.targets" from project "C:\Users\Santiagor\source\repos\CollegeProject\CollegeProject\CollegeProject.vcxproj" (target "_ClCompile" depends on it):
       Task "MakeDir"
       Done executing task "MakeDir".
     1>Done building target "MakeDirsForCl" in project "CollegeProject.vcxproj".
       Target "_SelectedFiles" skipped. Previously built successfully.
       Target "ComputeMIDLGeneratedCompileInputs" skipped. Previously built successfully.
       Target "ComputeCLInputPDBName" skipped. Previously built successfully.
       Target "ComputeReferenceCLInput" skipped. Previously built successfully.
       Target "WarnCompileDuplicatedFilename" skipped. Previously built successfully.
       Target "FixupCLCompileOptions" skipped. Previously built successfully.
       Target "_SelectedFiles" skipped. Previously built successfully.
     1>Target "SelectCustomBuild" in file "C:\Program Files (x86)\Microsoft Visual Studio\2017\Community\Common7\IDE\VC\VCTargets\Microsoft.CppBuild.targets" from project "C:\Users\Santiagor\source\repos\CollegeProject\CollegeProject\CollegeProject.vcxproj" (target "SelectClCompile" depends on it):
     1>Done building target "SelectCustomBuild" in project "CollegeProject.vcxproj".
     1>Target "SelectClCompile" in file "C:\Program Files (x86)\Microsoft Visual Studio\2017\Community\Common7\IDE\VC\VCTargets\Microsoft.CppBuild.targets" from project "C:\Users\Santiagor\source\repos\CollegeProject\CollegeProject\CollegeProject.vcxproj" (target "ClCompile" depends on it):
     1>Done building target "SelectClCompile" in project "CollegeProject.vcxproj".
       Target "GenerateTargetFrameworkMonikerAttribute" skipped, due to false condition; ('$(GenerateTargetFrameworkAttribute)' == 'true') was evaluated as ('false' == 'true').
       Target "ManagedIncrementalBuildPreProcessDependencyGraph" skipped, due to false condition; ('@(ClCompile)' != '' and '$(EnableManagedIncrementalBuild)' == 'True') was evaluated as ('Source.cpp;Groceries.cpp' != '' and 'false' == 'True').
     1>Target "ClCompile" in file "C:\Program Files (x86)\Microsoft Visual Studio\2017\Community\Common7\IDE\VC\VCTargets\Microsoft.CppCommon.targets" from project "C:\Users\Santiagor\source\repos\CollegeProject\CollegeProject\CollegeProject.vcxproj" (target "_ClCompile" depends on it):
       Task "Delete" skipped, due to false condition; ('%(ClCompile.DebugInformationFormat)' != '' and '%(ClCompile.DebugInformationFormat)' != 'None' and '%(ClCompile.DebugInformationFormat)' != 'OldStyle' and '%(ClCompile.ProgramDataBaseFileName)' != '' and !Exists(%(ClCompile.ProgramDataBaseFileName))) was evaluated as ('ProgramDatabase' != '' and 'ProgramDatabase' != 'None' and 'ProgramDatabase' != 'OldStyle' and 'Release\vc141.pdb' != '' and !Exists(Release\vc141.pdb)).
       Task "CL" skipped, due to false condition; ('%(ClCompile.PrecompiledHeader)' == 'Create' and '%(ClCompile.ExcludedFromBuild)'!='true' and '%(ClCompile.CompilerIteration)' == '') was evaluated as ('NotUsing' == 'Create' and ''!='true' and '' == '').
       Using "CL" task from assembly "C:\Program Files (x86)\Microsoft Visual Studio\2017\Community\Common7\IDE\VC\VCTargets\Microsoft.Build.CppTasks.Common.dll".
       Task "CL"
         Read Tracking Logs:
         	Release\CollegeProject3.tlog\CL.read.1.tlog
         Outputs for C:\USERS\SANTIAGOR\SOURCE\REPOS\COLLEGEPROJECT\COLLEGEPROJECT\GROCERIES.CPP|C:\USERS\SANTIAGOR\SOURCE\REPOS\COLLEGEPROJECT\COLLEGEPROJECT\SOURCE.CPP:
         	C:\USERS\SANTIAGOR\SOURCE\REPOS\COLLEGEPROJECT\COLLEGEPROJECT\RELEASE\SOURCE.OBJ
         	C:\USERS\SANTIAGOR\SOURCE\REPOS\COLLEGEPROJECT\COLLEGEPROJECT\RELEASE\GROCERIES.OBJ
         Groceries.cpp will be compiled because C:\Users\Santiagor\source\repos\CollegeProject\CollegeProject\Groceries.cpp was modified at 12/12/2021 3:23:49 PM.
         Source.cpp will be compiled because C:\Users\Santiagor\source\repos\CollegeProject\CollegeProject\Source.cpp was modified at 12/12/2021 3:23:51 PM.
         No output for C:\USERS\SANTIAGOR\SOURCE\REPOS\COLLEGEPROJECT\COLLEGEPROJECT\GROCERIES.CPP|C:\USERS\SANTIAGOR\SOURCE\REPOS\COLLEGEPROJECT\COLLEGEPROJECT\SOURCE.CPP was found in the tracking log; source compilation required.
         Write Tracking Logs:
         	Release\CollegeProject3.tlog\CL.write.1.tlog
         Environment Variables passed to tool:
           VS_UNICODE_OUTPUT=1596
         C:\Program Files (x86)\Microsoft Visual Studio\2017\Community\VC\Tools\MSVC\14.16.27023\bin\HostX86\x86\CL.exe /c /Zi /nologo /W3 /WX- /diagnostics:classic /sdl /O2 /Oi /Oy- /GL /D _MBCS /Gm- /EHsc /MD /GS /Gy /fp:precise /permissive- /Zc:wchar_t /Zc:forScope /Zc:inline /Fo"Release\\" /Fd"Release\vc141.pdb" /Gd /TP /analyze- /FC /errorReport:prompt Groceries.cpp Source.cpp
         Tracking command:
         C:\Program Files (x86)\Microsoft Visual Studio\2017\Community\MSBuild\15.0\Bin\Tracker.exe /d "C:\Program Files (x86)\MSBuild\15.0\FileTracker\FileTracker32.dll" /i C:\Users\Santiagor\source\repos\CollegeProject\CollegeProject\Release\CollegeProject3.tlog /r "C:\USERS\SANTIAGOR\SOURCE\REPOS\COLLEGEPROJECT\COLLEGEPROJECT\GROCERIES.CPP|C:\USERS\SANTIAGOR\SOURCE\REPOS\COLLEGEPROJECT\COLLEGEPROJECT\SOURCE.CPP" /b MSBuildConsole_CancelEventd27584f5d0174ababb56ecde93c4f685  /c "C:\Program Files (x86)\Microsoft Visual Studio\2017\Community\VC\Tools\MSVC\14.16.27023\bin\HostX86\x86\CL.exe"  /c /Zi /nologo /W3 /WX- /diagnostics:classic /sdl /O2 /Oi /Oy- /GL /D _MBCS /Gm- /EHsc /MD /GS /Gy /fp:precise /permissive- /Zc:wchar_t /Zc:forScope /Zc:inline /Fo"Release\\" /Fd"Release\vc141.pdb" /Gd /TP /analyze- /FC /errorReport:prompt Groceries.cpp Source.cpp
         Groceries.cpp
     1>c:\users\santiagor\source\repos\collegeproject\collegeproject\groceries.cpp(53): warning C4018: '<': signed/unsigned mismatch
         Source.cpp
     1>c:\users\santiagor\source\repos\collegeproject\collegeproject\source.cpp(149): warning C4326: return type of 'main' should be 'int' instead of 'void'
       Done executing task "CL".
     1>Done building target "ClCompile" in project "CollegeProject.vcxproj".
       Target "RunSelectedFileNativeCodeAnalysis" skipped, due to false condition; ('$(RunCppAnalysis)'=='true' and '$(SelectedFiles)'!='') was evaluated as ('false'=='true' and ''!='').
       Target "ManagedIncrementalBuildPostProcessDependencyGraph" skipped, due to false condition; ('@(ClCompile)' != '' and '$(EnableManagedIncrementalBuild)' == 'True') was evaluated as ('Source.cpp;Groceries.cpp' != '' and 'false' == 'True').
     1>Target "AfterClCompile" in file "C:\Program Files (x86)\Microsoft Visual Studio\2017\Community\Common7\IDE\VC\VCTargets\Microsoft.CppBuild.targets" from project "C:\Users\Santiagor\source\repos\CollegeProject\CollegeProject\CollegeProject.vcxproj" (target "_ClCompile" depends on it):
     1>Done building target "AfterClCompile" in project "CollegeProject.vcxproj".
     1>Target "_ClCompile" in file "C:\Program Files (x86)\Microsoft Visual Studio\2017\Community\Common7\IDE\VC\VCTargets\Microsoft.CppBuild.targets" from project "C:\Users\Santiagor\source\repos\CollegeProject\CollegeProject\CollegeProject.vcxproj" (target "_BuildCompileAction" depends on it):
     1>Done building target "_ClCompile" in project "CollegeProject.vcxproj".
       Target "_ResGen" skipped, due to false condition; ('@(EmbeddedResource)'!='') was evaluated as (''!='').
     1>Target "BeforeResourceCompile" in file "C:\Program Files (x86)\Microsoft Visual Studio\2017\Community\Common7\IDE\VC\VCTargets\Microsoft.CppBuild.targets" from project "C:\Users\Santiagor\source\repos\CollegeProject\CollegeProject\CollegeProject.vcxproj" (target "_ResourceCompile" depends on it):
     1>Done building target "BeforeResourceCompile" in project "CollegeProject.vcxproj".
     1>Target "MakeDirsForResourceCompile" in file "C:\Program Files (x86)\Microsoft Visual Studio\2017\Community\Common7\IDE\VC\VCTargets\Microsoft.CppBuild.targets" from project "C:\Users\Santiagor\source\repos\CollegeProject\CollegeProject\CollegeProject.vcxproj" (target "_ResourceCompile" depends on it):
       Task "MakeDir"
       Done executing task "MakeDir".
     1>Done building target "MakeDirsForResourceCompile" in project "CollegeProject.vcxproj".
       Target "ResourceCompile" skipped, due to false condition; ('@(ResourceCompile)' != '') was evaluated as ('' != '').
     1>Target "AfterResourceCompile" in file "C:\Program Files (x86)\Microsoft Visual Studio\2017\Community\Common7\IDE\VC\VCTargets\Microsoft.CppBuild.targets" from project "C:\Users\Santiagor\source\repos\CollegeProject\CollegeProject\CollegeProject.vcxproj" (target "_ResourceCompile" depends on it):
     1>Done building target "AfterResourceCompile" in project "CollegeProject.vcxproj".
     1>Target "_ResourceCompile" in file "C:\Program Files (x86)\Microsoft Visual Studio\2017\Community\Common7\IDE\VC\VCTargets\Microsoft.CppBuild.targets" from project "C:\Users\Santiagor\source\repos\CollegeProject\CollegeProject\CollegeProject.vcxproj" (target "_BuildCompileAction" depends on it):
     1>Done building target "_ResourceCompile" in project "CollegeProject.vcxproj".
       Target "_ImpLib" skipped, due to false condition; ('$(ImpLibCompiled)' == 'true') was evaluated as ('' == 'true').
       Target "_Lib" skipped, due to false condition; ('$(LibCompiled)' == 'true') was evaluated as ('' == 'true').
     1>Target "AfterBuildCompileEvent" in file "C:\Program Files (x86)\Microsoft Visual Studio\2017\Community\Common7\IDE\VC\VCTargets\Microsoft.CppBuild.targets" from project "C:\Users\Santiagor\source\repos\CollegeProject\CollegeProject\CollegeProject.vcxproj" (target "_BuildCompileAction" depends on it):
     1>Done building target "AfterBuildCompileEvent" in project "CollegeProject.vcxproj".
     1>Target "_BuildCompileAction" in file "C:\Program Files (x86)\Microsoft Visual Studio\2017\Community\Common7\IDE\VC\VCTargets\Microsoft.CppBuild.targets" from project "C:\Users\Santiagor\source\repos\CollegeProject\CollegeProject\CollegeProject.vcxproj" (target "BuildCompile" depends on it):
     1>Done building target "_BuildCompileAction" in project "CollegeProject.vcxproj".
     1>Target "BuildCompile" in file "C:\Program Files (x86)\Microsoft Visual Studio\2017\Community\MSBuild\15.0\Bin\Microsoft.Common.CurrentVersion.targets" from project "C:\Users\Santiagor\source\repos\CollegeProject\CollegeProject\CollegeProject.vcxproj" (target "Build" depends on it):
     1>Done building target "BuildCompile" in project "CollegeProject.vcxproj".
       Target "PrepareProjectReferences" skipped. Previously built successfully.
     1>Target "BuildLinkTraverse" in file "C:\Program Files (x86)\Microsoft Visual Studio\2017\Community\MSBuild\15.0\Bin\Microsoft.Common.CurrentVersion.targets" from project "C:\Users\Santiagor\source\repos\CollegeProject\CollegeProject\CollegeProject.vcxproj" (target "BuildLink" depends on it):
       Task "MSBuild" skipped, due to false condition; ('$(BuildPassReferences)' == 'true' and '@(ProjectReferenceWithConfiguration)' != '' and '@(_MSBuildProjectReferenceExistent)' != ''  and '%(_MSBuildProjectReferenceExistent.BuildReference)' == 'true') was evaluated as ('' == 'true' and '' != '' and '' != ''  and '' == 'true').
     1>Done building target "BuildLinkTraverse" in project "CollegeProject.vcxproj".
       Target "PrepareForBuild" skipped. Previously built successfully.
       Target "ResolveReferences" skipped. Previously built successfully.
     1>Target "ComputeLegacyManifestEmbedding" in file "C:\Program Files (x86)\Microsoft Visual Studio\2017\Community\Common7\IDE\VC\VCTargets\Microsoft.CppBuild.targets" from project "C:\Users\Santiagor\source\repos\CollegeProject\CollegeProject\CollegeProject.vcxproj" (target "_BuildLinkAction" depends on it):
       Task "VCMessage" skipped, due to false condition; ('$(RevertManifestEmbedding)' == 'true' and '$(_LegacyManifestEmbeddingDebug)' == 'true') was evaluated as ('' == 'true' and '' == 'true').
     1>Done building target "ComputeLegacyManifestEmbedding" in project "CollegeProject.vcxproj".
     1>Target "BeforeLink" in file "C:\Program Files (x86)\Microsoft Visual Studio\2017\Community\Common7\IDE\VC\VCTargets\Microsoft.CppBuild.targets" from project "C:\Users\Santiagor\source\repos\CollegeProject\CollegeProject\CollegeProject.vcxproj" (target "_Link" depends on it):
     1>Done building target "BeforeLink" in project "CollegeProject.vcxproj".
     1>Target "ComputeRCOutputs" in file "C:\Program Files (x86)\Microsoft Visual Studio\2017\Community\Common7\IDE\VC\VCTargets\Microsoft.CppBuild.targets" from project "C:\Users\Santiagor\source\repos\CollegeProject\CollegeProject\CollegeProject.vcxproj" (target "ComputeRCGeneratedLinkInputs" depends on it):
     1>Done building target "ComputeRCOutputs" in project "CollegeProject.vcxproj".
     1>Target "ComputeRCGeneratedLinkInputs" in file "C:\Program Files (x86)\Microsoft Visual Studio\2017\Community\Common7\IDE\VC\VCTargets\Microsoft.CppBuild.targets" from project "C:\Users\Santiagor\source\repos\CollegeProject\CollegeProject\CollegeProject.vcxproj" (target "_Link" depends on it):
     1>Done building target "ComputeRCGeneratedLinkInputs" in project "CollegeProject.vcxproj".
     1>Target "ComputeManifestGeneratedLinkerInputs" in file "C:\Program Files (x86)\Microsoft Visual Studio\2017\Community\Common7\IDE\VC\VCTargets\Microsoft.CppBuild.targets" from project "C:\Users\Santiagor\source\repos\CollegeProject\CollegeProject\CollegeProject.vcxproj" (target "_Link" depends on it):
     1>Done building target "ComputeManifestGeneratedLinkerInputs" in project "CollegeProject.vcxproj".
     1>Target "ComputeCustomBuildOutput" in file "C:\Program Files (x86)\Microsoft Visual Studio\2017\Community\Common7\IDE\VC\VCTargets\Microsoft.CppBuild.targets" from project "C:\Users\Santiagor\source\repos\CollegeProject\CollegeProject\CollegeProject.vcxproj" (target "_Link" depends on it):
       Task "CreateItem" skipped, due to false condition; ('%(CustomBuildOutputs.OutputItemType)'!='') was evaluated as (''!='').
       Task "MakeDir"
       Done executing task "MakeDir".
     1>Done building target "ComputeCustomBuildOutput" in project "CollegeProject.vcxproj".
       Target "ComputeMIDLGeneratedCompileInputs" skipped. Previously built successfully.
       Target "ComputeCLInputPDBName" skipped. Previously built successfully.
       Target "ComputeReferenceCLInput" skipped. Previously built successfully.
       Target "WarnCompileDuplicatedFilename" skipped. Previously built successfully.
       Target "FixupCLCompileOptions" skipped. Previously built successfully.
     1>Target "ComputeCLOutputs" in file "C:\Program Files (x86)\Microsoft Visual Studio\2017\Community\Common7\IDE\VC\VCTargets\Microsoft.CppBuild.targets" from project "C:\Users\Santiagor\source\repos\CollegeProject\CollegeProject\CollegeProject.vcxproj" (target "ComputeCLGeneratedLinkInputs" depends on it):
     1>Done building target "ComputeCLOutputs" in project "CollegeProject.vcxproj".
     1>Target "ComputeCLGeneratedLinkInputs" in file "C:\Program Files (x86)\Microsoft Visual Studio\2017\Community\Common7\IDE\VC\VCTargets\Microsoft.CppBuild.targets" from project "C:\Users\Santiagor\source\repos\CollegeProject\CollegeProject\CollegeProject.vcxproj" (target "_Link" depends on it):
     1>Done building target "ComputeCLGeneratedLinkInputs" in project "CollegeProject.vcxproj".
     1>Target "ComputeLinkInputsFromProject" in file "C:\Program Files (x86)\Microsoft Visual Studio\2017\Community\Common7\IDE\VC\VCTargets\Microsoft.CppBuild.targets" from project "C:\Users\Santiagor\source\repos\CollegeProject\CollegeProject\CollegeProject.vcxproj" (target "_Link" depends on it):
     1>Done building target "ComputeLinkInputsFromProject" in project "CollegeProject.vcxproj".
       Target "ComputeReferenceLinkInputs" skipped, due to false condition; (@(ProjectReference) != '') was evaluated as ( != '').
     1>Target "ComputeManifestInputsTargets" in file "C:\Program Files (x86)\Microsoft Visual Studio\2017\Community\Common7\IDE\VC\VCTargets\Microsoft.CppBuild.targets" from project "C:\Users\Santiagor\source\repos\CollegeProject\CollegeProject\CollegeProject.vcxproj" (target "_Link" depends on it):
     1>Done building target "ComputeManifestInputsTargets" in project "CollegeProject.vcxproj".
       Target "ManifestResourceCompile" skipped, due to false condition; ('$(EmbedManifestBy)' == 'LINK' and '@(Manifest)' != '') was evaluated as ('MT' == 'LINK' and '' != '').
       Target "AssignWinFXEmbeddedResource" skipped, due to false condition; ('@(WinFXEmbeddedResource)' != '') was evaluated as ('' != '').
     1>Target "AssignTargetPaths" in file "C:\Program Files (x86)\Microsoft Visual Studio\2017\Community\MSBuild\15.0\Bin\Microsoft.Common.CurrentVersion.targets" from project "C:\Users\Santiagor\source\repos\CollegeProject\CollegeProject\CollegeProject.vcxproj" (target "PrepareResourceNames" depends on it):
       Using "AssignTargetPath" task from assembly "Microsoft.Build.Tasks.Core, Version=15.1.0.0, Culture=neutral, PublicKeyToken=b03f5f7f11d50a3a".
       Task "AssignTargetPath"
       Done executing task "AssignTargetPath".
       Task "AssignTargetPath"
       Done executing task "AssignTargetPath".
       Task "AssignTargetPath"
       Done executing task "AssignTargetPath".
       Task "AssignTargetPath"
       Done executing task "AssignTargetPath".
       Task "AssignTargetPath" skipped, due to false condition; ('@(_DeploymentBaseManifestWithTargetPath)'=='' and '%(None.Extension)'=='.manifest') was evaluated as (''=='' and '.py'=='.manifest').
     1>Done building target "AssignTargetPaths" in project "CollegeProject.vcxproj".
       Target "AssignTargetPaths" skipped. Previously built successfully.
     1>Target "SplitResourcesByCulture" in file "C:\Program Files (x86)\Microsoft Visual Studio\2017\Community\MSBuild\15.0\Bin\Microsoft.Common.CurrentVersion.targets" from project "C:\Users\Santiagor\source\repos\CollegeProject\CollegeProject\CollegeProject.vcxproj" (target "PrepareResourceNames" depends on it):
       Task "Warning" skipped, due to false condition; ('@(ResxWithNoCulture)'!='') was evaluated as (''!='').
       Task "Warning" skipped, due to false condition; ('@(ResxWithCulture)'!='') was evaluated as (''!='').
       Task "Warning" skipped, due to false condition; ('@(NonResxWithCulture)'!='') was evaluated as (''!='').
       Task "Warning" skipped, due to false condition; ('@(NonResxWithNoCulture)'!='') was evaluated as (''!='').
       Using "AssignCulture" task from assembly "Microsoft.Build.Tasks.Core, Version=15.1.0.0, Culture=neutral, PublicKeyToken=b03f5f7f11d50a3a".
       Task "AssignCulture"
       Done executing task "AssignCulture".
     1>Done building target "SplitResourcesByCulture" in project "CollegeProject.vcxproj".
       Target "CreateManifestResourceNames" skipped, due to false condition; ('@(EmbeddedResource)' != '') was evaluated as ('' != '').
     1>Target "CreateCustomManifestResourceNames" in file "C:\Program Files (x86)\Microsoft Visual Studio\2017\Community\MSBuild\15.0\Bin\Microsoft.Common.CurrentVersion.targets" from project "C:\Users\Santiagor\source\repos\CollegeProject\CollegeProject\CollegeProject.vcxproj" (target "PrepareResourceNames" depends on it):
     1>Done building target "CreateCustomManifestResourceNames" in project "CollegeProject.vcxproj".
     1>Target "PrepareResourceNames" in file "C:\Program Files (x86)\Microsoft Visual Studio\2017\Community\MSBuild\15.0\Bin\Microsoft.Common.CurrentVersion.targets" from project "C:\Users\Santiagor\source\repos\CollegeProject\CollegeProject\CollegeProject.vcxproj" (target "_Link" depends on it):
     1>Done building target "PrepareResourceNames" in project "CollegeProject.vcxproj".
     1>Target "MakeDirsForLink" in file "C:\Program Files (x86)\Microsoft Visual Studio\2017\Community\Common7\IDE\VC\VCTargets\Microsoft.CppBuild.targets" from project "C:\Users\Santiagor\source\repos\CollegeProject\CollegeProject\CollegeProject.vcxproj" (target "_Link" depends on it):
       Task "MakeDir"
       Done executing task "MakeDir".
     1>Done building target "MakeDirsForLink" in project "CollegeProject.vcxproj".
     1>Target "DoLinkOutputFilesMatch" in file "C:\Program Files (x86)\Microsoft Visual Studio\2017\Community\Common7\IDE\VC\VCTargets\Microsoft.CppBuild.targets" from project "C:\Users\Santiagor\source\repos\CollegeProject\CollegeProject\CollegeProject.vcxproj" (target "_Link" depends on it):
       Task "VCMessage" skipped, due to false condition; ('@(_OutputFileFromLink)' == '') was evaluated as ('C:\Users\Santiagor\source\repos\CollegeProject\Release\CollegeProject3.exe' == '').
       Task "VCMessage" skipped, due to false condition; ('@(_OutputFileFromLink)' != '' and '%(_OutputFileFromLink.FullPath)' != '$([System.IO.Path]::GetFullPath($(TargetPath)))') was evaluated as ('C:\Users\Santiagor\source\repos\CollegeProject\Release\CollegeProject3.exe' != '' and 'C:\Users\Santiagor\source\repos\CollegeProject\Release\CollegeProject3.exe' != 'C:\Users\Santiagor\source\repos\CollegeProject\Release\CollegeProject3.exe').
       Task "VCMessage" skipped, due to false condition; ('@(_OutputFileFromLink)' != '' and '%(_OutputFileFromLink.Extension)' != '' and '%(_OutputFileFromLink.Extension)' != '$(TargetExt)') was evaluated as ('C:\Users\Santiagor\source\repos\CollegeProject\Release\CollegeProject3.exe' != '' and '.exe' != '' and '.exe' != '.exe').
       Task "VCMessage" skipped, due to false condition; ('@(_OutputFileFromLink)' != '' and '%(_OutputFileFromLink.Filename)' != '' and '%(_OutputFileFromLink.Filename)' != '$(TargetName)') was evaluated as ('C:\Users\Santiagor\source\repos\CollegeProject\Release\CollegeProject3.exe' != '' and 'CollegeProject3' != '' and 'CollegeProject3' != 'CollegeProject3').
       Task "VCMessage" skipped, due to false condition; ('%(Link.MinimumRequiredVersion)' != '' and ('%(Link.Subsystem)' == '' or '%(Link.Subsystem)' == 'NotSet')) was evaluated as ('' != '' and ('Console' == '' or 'Console' == 'NotSet')).
     1>Done building target "DoLinkOutputFilesMatch" in project "CollegeProject.vcxproj".
     1>Target "PreLinkEvent" in file "C:\Program Files (x86)\Microsoft Visual Studio\2017\Community\Common7\IDE\VC\VCTargets\Microsoft.CppCommon.targets" from project "C:\Users\Santiagor\source\repos\CollegeProject\CollegeProject\CollegeProject.vcxproj" (target "_Link" depends on it):
       Task "Message" skipped, due to false condition; ('%(PreLinkEvent.Message)' != '' and '%(PreLinkEvent.Command)' != '') was evaluated as ('' != '' and '' != '').
       Task "Exec" skipped, due to false condition; ('%(PreLinkEvent.Command)' != '') was evaluated as ('' != '').
     1>Done building target "PreLinkEvent" in project "CollegeProject.vcxproj".
     1>Target "ComputeLinkSwitches" in file "C:\Program Files (x86)\Microsoft Visual Studio\2017\Community\Common7\IDE\VC\VCTargets\Microsoft.CppCommon.targets" from project "C:\Users\Santiagor\source\repos\CollegeProject\CollegeProject\CollegeProject.vcxproj" (target "Link" depends on it):
     1>Done building target "ComputeLinkSwitches" in project "CollegeProject.vcxproj".
     1>Target "Link" in file "C:\Program Files (x86)\Microsoft Visual Studio\2017\Community\Common7\IDE\VC\VCTargets\Microsoft.CppCommon.targets" from project "C:\Users\Santiagor\source\repos\CollegeProject\CollegeProject\CollegeProject.vcxproj" (target "_Link" depends on it):
       Using "Link" task from assembly "C:\Program Files (x86)\Microsoft Visual Studio\2017\Community\Common7\IDE\VC\VCTargets\Microsoft.Build.CppTasks.Common.dll".
       Task "Link"
         Write Tracking Logs:
         	Release\CollegeProject3.tlog\link.write.1.tlog
         Read Tracking Logs:
         	Release\CollegeProject3.tlog\link.read.1.tlog
         Outputs for C:\USERS\SANTIAGOR\SOURCE\REPOS\COLLEGEPROJECT\COLLEGEPROJECT\RELEASE\GROCERIES.OBJ|C:\USERS\SANTIAGOR\SOURCE\REPOS\COLLEGEPROJECT\COLLEGEPROJECT\RELEASE\SOURCE.OBJ:
         	C:\USERS\SANTIAGOR\SOURCE\REPOS\COLLEGEPROJECT\RELEASE\COLLEGEPROJECT3.EXE
         	C:\USERS\SANTIAGOR\SOURCE\REPOS\COLLEGEPROJECT\RELEASE\COLLEGEPROJECT3.PDB
         Inputs for C:\USERS\SANTIAGOR\SOURCE\REPOS\COLLEGEPROJECT\COLLEGEPROJECT\RELEASE\GROCERIES.OBJ|C:\USERS\SANTIAGOR\SOURCE\REPOS\COLLEGEPROJECT\COLLEGEPROJECT\RELEASE\SOURCE.OBJ:
         	C:\PROGRAM FILES (X86)\WINDOWS KITS\10\LIB\10.0.17763.0\UM\X86\KERNEL32.LIB
         	C:\PROGRAM FILES (X86)\WINDOWS KITS\10\LIB\10.0.17763.0\UM\X86\USER32.LIB
         	C:\PROGRAM FILES (X86)\WINDOWS KITS\10\LIB\10.0.17763.0\UM\X86\GDI32.LIB
         	C:\PROGRAM FILES (X86)\WINDOWS KITS\10\LIB\10.0.17763.0\UM\X86\WINSPOOL.LIB
         	C:\PROGRAM FILES (X86)\WINDOWS KITS\10\LIB\10.0.17763.0\UM\X86\COMDLG32.LIB
         	C:\PROGRAM FILES (X86)\WINDOWS KITS\10\LIB\10.0.17763.0\UM\X86\ADVAPI32.LIB
         	C:\PROGRAM FILES (X86)\WINDOWS KITS\10\LIB\10.0.17763.0\UM\X86\SHELL32.LIB
         	C:\PROGRAM FILES (X86)\WINDOWS KITS\10\LIB\10.0.17763.0\UM\X86\OLE32.LIB
         	C:\PROGRAM FILES (X86)\WINDOWS KITS\10\LIB\10.0.17763.0\UM\X86\OLEAUT32.LIB
         	C:\PROGRAM FILES (X86)\WINDOWS KITS\10\LIB\10.0.17763.0\UM\X86\UUID.LIB
         	C:\PROGRAM FILES (X86)\WINDOWS KITS\10\LIB\10.0.17763.0\UM\X86\ODBC32.LIB
         	C:\PROGRAM FILES (X86)\WINDOWS KITS\10\LIB\10.0.17763.0\UM\X86\ODBCCP32.LIB
         	C:\USERS\SANTIAGOR\SOURCE\REPOS\COLLEGEPROJECT\COLLEGEPROJECT\RELEASE\SOURCE.OBJ
         	C:\USERS\SANTIAGOR\SOURCE\REPOS\COLLEGEPROJECT\COLLEGEPROJECT\RELEASE\GROCERIES.OBJ
         	C:\WINDOWS\GLOBALIZATION\SORTING\SORTDEFAULT.NLS
         	C:\PROGRAM FILES (X86)\MICROSOFT VISUAL STUDIO\2017\COMMUNITY\VC\TOOLS\MSVC\14.16.27023\BIN\HOSTX86\X86\C2.DLL
         	C:\PROGRAM FILES (X86)\MICROSOFT VISUAL STUDIO\2017\COMMUNITY\VC\TOOLS\MSVC\14.16.27023\LIB\X86\MSVCPRT.LIB
         	C:\PROGRAM FILES (X86)\MICROSOFT VISUAL STUDIO\2017\COMMUNITY\VC\TOOLS\MSVC\14.16.27023\LIB\X86\MSVCRT.LIB
         	C:\PROGRAM FILES (X86)\MICROSOFT VISUAL STUDIO\2017\COMMUNITY\VC\TOOLS\MSVC\14.16.27023\LIB\X86\OLDNAMES.LIB
         	C:\PROGRAM FILES (X86)\MICROSOFT VISUAL STUDIO\2017\COMMUNITY\VC\TOOLS\MSVC\14.16.27023\LIB\X86\VCRUNTIME.LIB
         	C:\PROGRAM FILES (X86)\WINDOWS KITS\10\LIB\10.0.17763.0\UCRT\X86\UCRT.LIB
         	C:\PROGRAM FILES (X86)\MICROSOFT VISUAL STUDIO\2017\COMMUNITY\VC\TOOLS\MSVC\14.16.27023\BIN\HOSTX86\X86\1033\LINKUI.DLL
         	C:\PROGRAM FILES (X86)\WINDOWS KITS\10\BIN\10.0.17763.0\X86\RC.EXE
         	C:\PROGRAM FILES (X86)\MICROSOFT VISUAL STUDIO\2017\COMMUNITY\VC\TOOLS\MSVC\14.16.27023\BIN\HOSTX86\X86\CVTRES.EXE
         	C:\WINDOWS\SYSTEM32\TZRES.DLL
         Source compilation required: input C:\USERS\SANTIAGOR\SOURCE\REPOS\COLLEGEPROJECT\COLLEGEPROJECT\RELEASE\GROCERIES.OBJ is newer than output C:\USERS\SANTIAGOR\SOURCE\REPOS\COLLEGEPROJECT\RELEASE\COLLEGEPROJECT3.EXE.
         Environment Variables passed to tool:
           VS_UNICODE_OUTPUT=1624
         C:\Program Files (x86)\Microsoft Visual Studio\2017\Community\VC\Tools\MSVC\14.16.27023\bin\HostX86\x86\link.exe /ERRORREPORT:PROMPT /OUT:"C:\Users\Santiagor\source\repos\CollegeProject\Release\CollegeProject3.exe" /NOLOGO kernel32.lib user32.lib gdi32.lib winspool.lib comdlg32.lib advapi32.lib shell32.lib ole32.lib oleaut32.lib uuid.lib odbc32.lib odbccp32.lib /MANIFEST /MANIFESTUAC:"level='asInvoker' uiAccess='false'" /manifest:embed /DEBUG:FULL /PDB:"C:\Users\Santiagor\source\repos\CollegeProject\Release\CollegeProject3.pdb" /SUBSYSTEM:CONSOLE /OPT:REF /OPT:ICF /LTCG:incremental /TLBID:1 /DYNAMICBASE /NXCOMPAT /IMPLIB:"C:\Users\Santiagor\source\repos\CollegeProject\Release\CollegeProject3.lib" /MACHINE:X86 /SAFESEH Release\Source.obj
         Release\Groceries.obj
         Tracking command:
         C:\Program Files (x86)\Microsoft Visual Studio\2017\Community\MSBuild\15.0\Bin\Tracker.exe /a /d "C:\Program Files (x86)\MSBuild\15.0\FileTracker\FileTracker32.dll" /i C:\Users\Santiagor\source\repos\CollegeProject\CollegeProject\Release\CollegeProject3.tlog /r "C:\USERS\SANTIAGOR\SOURCE\REPOS\COLLEGEPROJECT\COLLEGEPROJECT\RELEASE\GROCERIES.OBJ|C:\USERS\SANTIAGOR\SOURCE\REPOS\COLLEGEPROJECT\COLLEGEPROJECT\RELEASE\SOURCE.OBJ" /b MSBuildConsole_CancelEvent466bed2a1c594898a1eb8abdea9303c4  /c "C:\Program Files (x86)\Microsoft Visual Studio\2017\Community\VC\Tools\MSVC\14.16.27023\bin\HostX86\x86\link.exe"  /ERRORREPORT:PROMPT /OUT:"C:\Users\Santiagor\source\repos\CollegeProject\Release\CollegeProject3.exe" /NOLOGO kernel32.lib user32.lib gdi32.lib winspool.lib comdlg32.lib advapi32.lib shell32.lib ole32.lib oleaut32.lib uuid.lib odbc32.lib odbccp32.lib /MANIFEST /MANIFESTUAC:"level='asInvoker' uiAccess='false'" /manifest:embed /DEBUG:FULL /PDB:"C:\Users\Santiagor\source\repos\CollegeProject\Release\CollegeProject3.pdb" /SUBSYSTEM:CONSOLE /OPT:REF /OPT:ICF /LTCG:incremental /TLBID:1 /DYNAMICBASE /NXCOMPAT /IMPLIB:"C:\Users\Santiagor\source\repos\CollegeProject\Release\CollegeProject3.lib" /MACHINE:X86 /SAFESEH Release\Source.obj
         Release\Groceries.obj
         Generating code
         0 of 322 functions ( 0.0%) were compiled, the rest were copied from previous compilation.
           0 functions were new in current compilation
           0 functions had inline decision re-evaluated but remain unchanged
         Finished generating code
       Done executing task "Link".
       Task "Message"
         CollegeProject.vcxproj -> C:\Users\Santiagor\source\repos\CollegeProject\Release\CollegeProject3.exe
       Done executing task "Message".
       Task "VCMessage" skipped, due to false condition; (('$(EmbedManifestBy)' != 'LINK' or '$(LegacyManifestEmbedding)' != 'true' or '$(LinkSkippedExecution)' == 'true') and
                    %(Link.GenerateDebugInformation) == 'DebugFastLink' and %(Link.ProgramDataBaseFileName) != '') was evaluated as (('MT' != 'LINK' or '' != 'true' or 'False' == 'true') and
                    DebugFull == 'DebugFastLink' and  != '').
       Task "VCMessage" skipped, due to false condition; (('$(EmbedManifestBy)' != 'LINK' or '$(LegacyManifestEmbedding)' != 'true' or '$(LinkSkippedExecution)' == 'true') and
                    %(Link.GenerateDebugInformation) == 'true' and %(Link.ProgramDataBaseFileName) != '') was evaluated as (('MT' != 'LINK' or '' != 'true' or 'False' == 'true') and
                    DebugFull == 'true' and  != '').
     1>Done building target "Link" in project "CollegeProject.vcxproj".
       Target "MetaGenInputsOutputs" skipped, due to false condition; ('$(EnableManagedIncrementalBuild)' == 'True') was evaluated as ('false' == 'True').
       Target "ComputeMetaGenInputs" skipped, due to false condition; ('$(CLRSupport)'!='' and '$(CLRSupport)'!='false') was evaluated as ('false'!='' and 'false'!='false').
       Target "MetaGen" skipped, due to false condition; ('@(MetaGen)' != '') was evaluated as ('' != '').
     1>Target "ComputeLinkImportLibraryOutputsForClean" in file "C:\Program Files (x86)\Microsoft Visual Studio\2017\Community\Common7\IDE\VC\VCTargets\Microsoft.CppBuild.targets" from project "C:\Users\Santiagor\source\repos\CollegeProject\CollegeProject\CollegeProject.vcxproj" (target "_Link" depends on it):
       Task "WriteLinesToFile"
       Done executing task "WriteLinesToFile".
     1>Done building target "ComputeLinkImportLibraryOutputsForClean" in project "CollegeProject.vcxproj".
     1>Target "AfterLink" in file "C:\Program Files (x86)\Microsoft Visual Studio\2017\Community\Common7\IDE\VC\VCTargets\Microsoft.CppBuild.targets" from project "C:\Users\Santiagor\source\repos\CollegeProject\CollegeProject\CollegeProject.vcxproj" (target "_Link" depends on it):
     1>Done building target "AfterLink" in project "CollegeProject.vcxproj".
     1>Target "_Link" in file "C:\Program Files (x86)\Microsoft Visual Studio\2017\Community\Common7\IDE\VC\VCTargets\Microsoft.CppBuild.targets" from project "C:\Users\Santiagor\source\repos\CollegeProject\CollegeProject\CollegeProject.vcxproj" (target "_BuildLinkAction" depends on it):
     1>Done building target "_Link" in project "CollegeProject.vcxproj".
     1>Target "_ALink" in file "C:\Program Files (x86)\Microsoft Visual Studio\2017\Community\Common7\IDE\VC\VCTargets\Microsoft.CppBuild.targets" from project "C:\Users\Santiagor\source\repos\CollegeProject\CollegeProject\CollegeProject.vcxproj" (target "_BuildLinkAction" depends on it):
     1>Done building target "_ALink" in project "CollegeProject.vcxproj".
       Target "ComputeLegacyManifestEmbedding" skipped. Previously built successfully.
     1>Target "_Manifest" in file "C:\Program Files (x86)\Microsoft Visual Studio\2017\Community\Common7\IDE\VC\VCTargets\Microsoft.CppBuild.targets" from project "C:\Users\Santiagor\source\repos\CollegeProject\CollegeProject\CollegeProject.vcxproj" (target "_BuildLinkAction" depends on it):
       Task "CallTarget" skipped, due to false condition; ('$(LegacyManifestEmbedding)' == 'true') was evaluated as ('' == 'true').
     1>Done building target "_Manifest" in project "CollegeProject.vcxproj".
     1>Target "RegisterOutput" in file "C:\Program Files (x86)\Microsoft Visual Studio\2017\Community\Common7\IDE\VC\VCTargets\Microsoft.CppCommon.targets" from project "C:\Users\Santiagor\source\repos\CollegeProject\CollegeProject\CollegeProject.vcxproj" (target "_BuildLinkAction" depends on it):
       Task "Exec" skipped, due to false condition; ('$(ConfigurationType)'=='DynamicLibrary' and '%(Link.RegisterOutput)'=='true' and '%(Link.PerUserRedirection)'!='true') was evaluated as ('Application'=='DynamicLibrary' and 'false'=='true' and 'false'!='true').
       Task "Exec" skipped, due to false condition; ('$(ConfigurationType)'=='DynamicLibrary' and '%(Link.RegisterOutput)'=='true' and '%(Link.PerUserRedirection)'=='true') was evaluated as ('Application'=='DynamicLibrary' and 'false'=='true' and 'false'=='true').
       Task "Exec" skipped, due to false condition; ('$(ConfigurationType)'=='Application' and '%(Link.RegisterOutput)'=='true' and '%(Link.PerUserRedirection)'!='true') was evaluated as ('Application'=='Application' and 'false'=='true' and 'false'!='true').
       Task "Exec" skipped, due to false condition; ('$(ConfigurationType)'=='Application' and '%(Link.RegisterOutput)'=='true' and '%(Link.PerUserRedirection)'=='true') was evaluated as ('Application'=='Application' and 'false'=='true' and 'false'=='true').
       Task "VCMessage" skipped, due to false condition; ('$(_RegisterOutputExitCode)' != '' and '$(_RegisterOutputExitCode)' != '0') was evaluated as ('' != '' and '' != '0').
     1>Done building target "RegisterOutput" in project "CollegeProject.vcxproj".
       Target "PrepareForBuild" skipped. Previously built successfully.
       Target "ResolveReferences" skipped. Previously built successfully.
     1>Target "ResolvedXDCMake" in file "C:\Program Files (x86)\Microsoft Visual Studio\2017\Community\Common7\IDE\VC\VCTargets\Microsoft.CppBuild.targets" from project "C:\Users\Santiagor\source\repos\CollegeProject\CollegeProject\CollegeProject.vcxproj" (target "_XdcMake" depends on it):
       Task "MSBuild" skipped, due to false condition; ('%(_MSBuildProjectReferenceExistent.Extension)' == '.vcxproj' and '@(ProjectReferenceWithConfiguration)' != '' and '@(_MSBuildProjectReferenceExistent)' != '' and '$(_ClCompileGenerateXMLDocumentationFiles)' == 'true') was evaluated as ('' == '.vcxproj' and '' != '' and '' != '' and '' == 'true').
     1>Done building target "ResolvedXDCMake" in project "CollegeProject.vcxproj".
     1>Target "ComputeCLCompileGeneratedXDCFiles" in file "C:\Program Files (x86)\Microsoft Visual Studio\2017\Community\Common7\IDE\VC\VCTargets\Microsoft.CppBuild.targets" from project "C:\Users\Santiagor\source\repos\CollegeProject\CollegeProject\CollegeProject.vcxproj" (target "_XdcMake" depends on it):
     1>Done building target "ComputeCLCompileGeneratedXDCFiles" in project "CollegeProject.vcxproj".
     1>Target "MakeDirsForXdcMake" in file "C:\Program Files (x86)\Microsoft Visual Studio\2017\Community\Common7\IDE\VC\VCTargets\Microsoft.CppBuild.targets" from project "C:\Users\Santiagor\source\repos\CollegeProject\CollegeProject\CollegeProject.vcxproj" (target "_XdcMake" depends on it):
       Task "MakeDir"
       Done executing task "MakeDir".
     1>Done building target "MakeDirsForXdcMake" in project "CollegeProject.vcxproj".
       Target "XdcMake" skipped, due to false condition; ('@(XdcMake)' != '') was evaluated as ('' != '').
     1>Target "_XdcMake" in file "C:\Program Files (x86)\Microsoft Visual Studio\2017\Community\Common7\IDE\VC\VCTargets\Microsoft.CppBuild.targets" from project "C:\Users\Santiagor\source\repos\CollegeProject\CollegeProject\CollegeProject.vcxproj" (target "_BuildLinkAction" depends on it):
     1>Done building target "_XdcMake" in project "CollegeProject.vcxproj".
     1>Target "ComputeCLCompileGeneratedSbrFiles" in file "C:\Program Files (x86)\Microsoft Visual Studio\2017\Community\Common7\IDE\VC\VCTargets\Microsoft.CppBuild.targets" from project "C:\Users\Santiagor\source\repos\CollegeProject\CollegeProject\CollegeProject.vcxproj" (target "_BscMake" depends on it):
     1>Done building target "ComputeCLCompileGeneratedSbrFiles" in project "CollegeProject.vcxproj".
     1>Target "MakeDirsForBscMake" in file "C:\Program Files (x86)\Microsoft Visual Studio\2017\Community\Common7\IDE\VC\VCTargets\Microsoft.CppBuild.targets" from project "C:\Users\Santiagor\source\repos\CollegeProject\CollegeProject\CollegeProject.vcxproj" (target "_BscMake" depends on it):
       Task "MakeDir"
       Done executing task "MakeDir".
     1>Done building target "MakeDirsForBscMake" in project "CollegeProject.vcxproj".
       Target "BscMake" skipped, due to false condition; ('@(BscMake)' != '') was evaluated as ('' != '').
       Target "CustomBuildStep" skipped, due to false condition; ('@(CustomBuildStep)' != '' and '$(SelectedFiles)'=='') was evaluated as ('' != '' and ''=='').
     1>Target "_BscMake" in file "C:\Program Files (x86)\Microsoft Visual Studio\2017\Community\Common7\IDE\VC\VCTargets\Microsoft.CppBuild.targets" from project "C:\Users\Santiagor\source\repos\CollegeProject\CollegeProject\CollegeProject.vcxproj" (target "_BuildLinkAction" depends on it):
     1>Done building target "_BscMake" in project "CollegeProject.vcxproj".
     1>Target "_GenerateSatelliteAssemblyInputs" in file "C:\Program Files (x86)\Microsoft Visual Studio\2017\Community\MSBuild\15.0\Bin\Microsoft.Common.CurrentVersion.targets" from project "C:\Users\Santiagor\source\repos\CollegeProject\CollegeProject\CollegeProject.vcxproj" (target "CreateSatelliteAssemblies" depends on it):
       Task "Warning" skipped, due to false condition; ('@(ManifestResourceWithCulture)'!='' and '%(ManifestResourceWithCulture.EmittedForCompatibilityOnly)'=='') was evaluated as (''!='' and ''=='').
       Task "Warning" skipped, due to false condition; ('@(ManifestNonResxWithCultureOnDisk)'!='' and '%(ManifestNonResxWithCultureOnDisk.EmittedForCompatibilityOnly)'=='') was evaluated as (''!='' and ''=='').
     1>Done building target "_GenerateSatelliteAssemblyInputs" in project "CollegeProject.vcxproj".
       Target "ComputeIntermediateSatelliteAssemblies" skipped, due to false condition; (@(ReferenceSatellitePaths->'%(DestinationSubDirectory)') != '') was evaluated as ( != '').
       Target "GenerateSatelliteAssemblies" skipped, due to false condition; ('@(_SatelliteAssemblyResourceInputs)' != '') was evaluated as ('' != '').
     1>Target "CreateSatelliteAssemblies" in file "C:\Program Files (x86)\Microsoft Visual Studio\2017\Community\MSBuild\15.0\Bin\Microsoft.Common.CurrentVersion.targets" from project "C:\Users\Santiagor\source\repos\CollegeProject\CollegeProject\CollegeProject.vcxproj" (target "_BuildLinkAction" depends on it):
     1>Done building target "CreateSatelliteAssemblies" in project "CollegeProject.vcxproj".
     1>Target "_Appverifier" in file "C:\Program Files (x86)\Microsoft Visual Studio\2017\Community\Common7\IDE\VC\VCTargets\Microsoft.CppBuild.targets" from project "C:\Users\Santiagor\source\repos\CollegeProject\CollegeProject\CollegeProject.vcxproj" (target "_BuildLinkAction" depends on it):
     1>Done building target "_Appverifier" in project "CollegeProject.vcxproj".
     1>Target "_Deploy" in file "C:\Program Files (x86)\Microsoft Visual Studio\2017\Community\Common7\IDE\VC\VCTargets\Microsoft.CppBuild.targets" from project "C:\Users\Santiagor\source\repos\CollegeProject\CollegeProject\CollegeProject.vcxproj" (target "_BuildLinkAction" depends on it):
     1>Done building target "_Deploy" in project "CollegeProject.vcxproj".
       Target "ComputeIntermediateSatelliteAssemblies" skipped, due to false condition; (@(ReferenceSatellitePaths->'%(DestinationSubDirectory)') != '') was evaluated as ( != '').
       Target "_CopyFilesMarkedCopyLocal" skipped, due to false condition; ('@(ReferenceCopyLocalPaths)' != '') was evaluated as ('' != '').
       Target "AssignTargetPaths" skipped. Previously built successfully.
       Target "_SplitProjectReferencesByFileExistence" skipped. Previously built successfully.
       Target "_GetProjectReferenceTargetFrameworkProperties" skipped. Previously built successfully.
     1>Target "GetCopyToOutputDirectoryXamlAppDefs" in file "C:\WINDOWS\Microsoft.NET\Framework\v4.0.30319\Microsoft.Xaml.targets" from project "C:\Users\Santiagor\source\repos\CollegeProject\CollegeProject\CollegeProject.vcxproj" (target "GetCopyToOutputDirectoryItems" depends on it):
       Task "AssignTargetPath"
       Done executing task "AssignTargetPath".
     1>Done building target "GetCopyToOutputDirectoryXamlAppDefs" in project "CollegeProject.vcxproj".
     1>Target "GetCopyToOutputDirectoryItems" in file "C:\Program Files (x86)\Microsoft Visual Studio\2017\Community\MSBuild\15.0\Bin\Microsoft.Common.CurrentVersion.targets" from project "C:\Users\Santiagor\source\repos\CollegeProject\CollegeProject\CollegeProject.vcxproj" (target "_CopySourceItemsToOutputDirectory" depends on it):
       Task "MSBuild" skipped, due to false condition; ('@(_MSBuildProjectReferenceExistent)' != '' and '$(_GetChildProjectCopyToOutputDirectoryItems)' == 'true' and '%(_MSBuildProjectReferenceExistent.Private)' != 'false' and '$(UseCommonOutputDirectory)' != 'true') was evaluated as ('' != '' and 'true' == 'true' and '' != 'false' and 'false' != 'true').
       Task "AssignTargetPath"
       Done executing task "AssignTargetPath".
     1>Done building target "GetCopyToOutputDirectoryItems" in project "CollegeProject.vcxproj".
       Target "_CopyOutOfDateSourceItemsToOutputDirectory" skipped, due to false condition; ( '@(_SourceItemsToCopyToOutputDirectory)' != '' ) was evaluated as ( '' != '' ).
       Target "_CopyOutOfDateSourceItemsToOutputDirectoryAlways" skipped, due to false condition; ( '@(_SourceItemsToCopyToOutputDirectoryAlways)' != '' ) was evaluated as ( '' != '' ).
     1>Target "_CopySourceItemsToOutputDirectory" in file "C:\Program Files (x86)\Microsoft Visual Studio\2017\Community\MSBuild\15.0\Bin\Microsoft.Common.CurrentVersion.targets" from project "C:\Users\Santiagor\source\repos\CollegeProject\CollegeProject\CollegeProject.vcxproj" (target "CopyFilesToOutputDirectory" depends on it):
     1>Done building target "_CopySourceItemsToOutputDirectory" in project "CollegeProject.vcxproj".
       Target "_CopyAppConfigFile" skipped, due to false condition; ( '@(AppConfigWithTargetPath)' != '' ) was evaluated as ( '' != '' ).
       Target "_CopyManifestFiles" skipped, due to false condition; ( '$(_DeploymentCopyApplicationManifest)'=='true' or '$(GenerateClickOnceManifests)'=='true' ) was evaluated as ( ''=='true' or ''=='true' ).
     1>Target "_CheckForCompileOutputs" in file "C:\Program Files (x86)\Microsoft Visual Studio\2017\Community\MSBuild\15.0\Bin\Microsoft.Common.CurrentVersion.targets" from project "C:\Users\Santiagor\source\repos\CollegeProject\CollegeProject\CollegeProject.vcxproj" (target "CopyFilesToOutputDirectory" depends on it):
     1>Done building target "_CheckForCompileOutputs" in project "CollegeProject.vcxproj".
       Target "_SGenCheckForOutputs" skipped, due to false condition; ('$(_SGenGenerateSerializationAssembliesConfig)' == 'On' or ('@(WebReferenceUrl)'!='' and '$(_SGenGenerateSerializationAssembliesConfig)' == 'Auto')) was evaluated as ('Auto' == 'On' or (''!='' and 'Auto' == 'Auto')).
     1>Target "CopyFilesToOutputDirectory" in file "C:\Program Files (x86)\Microsoft Visual Studio\2017\Community\MSBuild\15.0\Bin\Microsoft.Common.CurrentVersion.targets" from project "C:\Users\Santiagor\source\repos\CollegeProject\CollegeProject\CollegeProject.vcxproj" (target "PrepareForRun" depends on it):
       Task "Copy" skipped, due to false condition; ('$(CopyBuildOutputToOutputDirectory)' == 'true' and '$(SkipCopyBuildProduct)' != 'true') was evaluated as ('true' == 'true' and 'true' != 'true').
       Task "CopyRefAssembly" skipped, due to false condition; ('$(ProduceReferenceAssembly)' == 'true' and '$(CopyBuildOutputToOutputDirectory)' == 'true' and '$(SkipCopyBuildProduct)' != 'true') was evaluated as ('false' == 'true' and 'true' == 'true' and 'true' != 'true').
       Task "Message" skipped, due to false condition; ('$(CopyBuildOutputToOutputDirectory)' == 'true' and '$(SkipCopyBuildProduct)'!='true') was evaluated as ('true' == 'true' and 'true'!='true').
       Task "Copy" skipped, due to false condition; ('@(AddModules)' != '') was evaluated as ('' != '').
       Task "Copy" skipped, due to false condition; ('$(_SGenDllCreated)'=='true') was evaluated as ('false'=='true').
       Task "Copy" skipped, due to false condition; ('$(_DebugSymbolsProduced)'=='true' and '$(SkipCopyingSymbolsToOutputDirectory)' != 'true' and '$(CopyOutputSymbolsToOutputDirectory)'=='true') was evaluated as ('false'=='true' and '' != 'true' and 'true'=='true').
       Task "Copy" skipped, due to false condition; ('$(_DocumentationFileProduced)'=='true') was evaluated as ('false'=='true').
       Task "Copy" skipped, due to false condition; ('@(IntermediateSatelliteAssembliesWithTargetPath)' != '') was evaluated as ('' != '').
       Task "Copy" skipped, due to false condition; ('@(ReferenceComWrappersToCopyLocal)' != '' or '@(ResolvedIsolatedComModules)' != '' or '@(_DeploymentLooseManifestFile)' != '' or '@(NativeReferenceFile)' != '' ) was evaluated as ('' != '' or '' != '' or '' != '' or '' != '' ).
       Task "Copy" skipped, due to false condition; ('$(SkipCopyWinMDArtifact)' != 'true' and '@(WinMDExpArtifacts)' != '') was evaluated as ('' != 'true' and '' != '').
       Task "Message" skipped, due to false condition; ('$(SkipCopyWinMDArtifact)' != 'true' and '$(_WindowsMetadataOutputPath)' != '') was evaluated as ('' != 'true' and '' != '').
     1>Done building target "CopyFilesToOutputDirectory" in project "CollegeProject.vcxproj".
     1>Target "PrepareForRun" in file "C:\Program Files (x86)\Microsoft Visual Studio\2017\Community\MSBuild\15.0\Bin\Microsoft.Common.CurrentVersion.targets" from project "C:\Users\Santiagor\source\repos\CollegeProject\CollegeProject\CollegeProject.vcxproj" (target "_BuildLinkAction" depends on it):
     1>Done building target "PrepareForRun" in project "CollegeProject.vcxproj".
       Target "CustomBuildStep" skipped, due to false condition; ('@(CustomBuildStep)' != '' and '$(SelectedFiles)'=='') was evaluated as ('' != '' and ''=='').
     1>Target "PostBuildEvent" in file "C:\Program Files (x86)\Microsoft Visual Studio\2017\Community\Common7\IDE\VC\VCTargets\Microsoft.CppCommon.targets" from project "C:\Users\Santiagor\source\repos\CollegeProject\CollegeProject\CollegeProject.vcxproj" (target "_BuildLinkAction" depends on it):
       Task "Message" skipped, due to false condition; ('%(PostBuildEvent.Message)' != '' and '%(PostBuildEvent.Command)' != '') was evaluated as ('' != '' and '' != '').
       Task "Exec" skipped, due to false condition; ('%(PostBuildEvent.Command)' != '') was evaluated as ('' != '').
     1>Done building target "PostBuildEvent" in project "CollegeProject.vcxproj".
     1>Target "_BuildLinkAction" in file "C:\Program Files (x86)\Microsoft Visual Studio\2017\Community\Common7\IDE\VC\VCTargets\Microsoft.CppBuild.targets" from project "C:\Users\Santiagor\source\repos\CollegeProject\CollegeProject\CollegeProject.vcxproj" (target "BuildLink" depends on it):
     1>Done building target "_BuildLinkAction" in project "CollegeProject.vcxproj".
     1>Target "BuildLink" in file "C:\Program Files (x86)\Microsoft Visual Studio\2017\Community\MSBuild\15.0\Bin\Microsoft.Common.CurrentVersion.targets" from project "C:\Users\Santiagor\source\repos\CollegeProject\CollegeProject\CollegeProject.vcxproj" (target "Build" depends on it):
     1>Done building target "BuildLink" in project "CollegeProject.vcxproj".
     1>Target "AfterBuild" in file "C:\Program Files (x86)\Microsoft Visual Studio\2017\Community\Common7\IDE\VC\VCTargets\Microsoft.BuildSteps.Targets" from project "C:\Users\Santiagor\source\repos\CollegeProject\CollegeProject\CollegeProject.vcxproj" (target "Build" depends on it):
     1>Done building target "AfterBuild" in project "CollegeProject.vcxproj".
     1>Target "FinalizeBuildStatus" in file "C:\Program Files (x86)\Microsoft Visual Studio\2017\Community\Common7\IDE\VC\VCTargets\Microsoft.CppBuild.targets" from project "C:\Users\Santiagor\source\repos\CollegeProject\CollegeProject\CollegeProject.vcxproj" (target "Build" depends on it):
       Using "Delete" task from assembly "Microsoft.Build.Tasks.Core, Version=15.1.0.0, Culture=neutral, PublicKeyToken=b03f5f7f11d50a3a".
       Task "Delete"
         Deleting file "Release\CollegeProject3.tlog\unsuccessfulbuild".
       Done executing task "Delete".
       Task "Touch"
         Touching "Release\CollegeProject3.tlog\CollegeProject3.lastbuildstate".
       Done executing task "Touch".
     1>Done building target "FinalizeBuildStatus" in project "CollegeProject.vcxproj".
       Target "_CheckForInvalidConfigurationAndPlatform" skipped. Previously built successfully.
       Target "_CheckForInvalidConfigurationAndPlatform" skipped. Previously built successfully.
     1>Target "Build" in file "C:\Program Files (x86)\Microsoft Visual Studio\2017\Community\Common7\IDE\VC\VCTargets\Microsoft.BuildSteps.Targets" from project "C:\Users\Santiagor\source\repos\CollegeProject\CollegeProject\CollegeProject.vcxproj" (entry point):
     1>Done building target "Build" in project "CollegeProject.vcxproj".
     1>Done Building Project "C:\Users\Santiagor\source\repos\CollegeProject\CollegeProject\CollegeProject.vcxproj" (Build target(s)).

Build succeeded.

       "C:\Users\Santiagor\source\repos\CollegeProject\CollegeProject\CollegeProject.vcxproj" (Build target) (1) ->
       (PrepareForBuild target) -> 
         C:\Program Files (x86)\Microsoft Visual Studio\2017\Community\Common7\IDE\VC\VCTargets\Microsoft.CppBuild.targets(391,5): warning MSB8028: The intermediate directory (Release\) contains files shared from another project (CollegeProject.vcxproj).  This can lead to incorrect clean and rebuild behavior.


       "C:\Users\Santiagor\source\repos\CollegeProject\CollegeProject\CollegeProject.vcxproj" (Build target) (1) ->
       (ClCompile target) -> 
         c:\users\santiagor\source\repos\collegeproject\collegeproject\groceries.cpp(53): warning C4018: '<': signed/unsigned mismatch
         c:\users\santiagor\source\repos\collegeproject\collegeproject\source.cpp(149): warning C4326: return type of 'main' should be 'int' instead of 'void'

    3 Warning(s)
    0 Error(s)

Time Elapsed 00:00:02.85
